0 1 has taken a fork
0 1 has taken a fork
0 1 is eating
0 3 has taken a fork
0 3 has taken a fork
0 3 is eating
0 5 has taken a fork
0 5 has taken a fork
0 5 is eating
0 7 has taken a fork
0 7 has taken a fork
0 7 is eating
0 11 has taken a fork
0 11 has taken a fork
0 11 is eating
0 9 has taken a fork
0 9 has taken a fork
0 9 is eating
0 13 has taken a fork
0 13 has taken a fork
0 13 is eating
0 15 has taken a fork
0 15 has taken a fork
0 15 is eating
0 17 has taken a fork
0 17 has taken a fork
0 17 is eating
1 19 has taken a fork
1 19 has taken a fork
1 19 is eating
1 21 has taken a fork
1 21 has taken a fork
1 21 is eating
1 23 has taken a fork
1 23 has taken a fork
1 23 is eating
1 25 has taken a fork
1 25 has taken a fork
1 25 is eating
1 27 has taken a fork
1 27 has taken a fork
1 27 is eating
1 29 has taken a fork
1 29 has taken a fork
1 29 is eating
1 31 has taken a fork
1 31 has taken a fork
1 31 is eating
1 33 has taken a fork
1 33 has taken a fork
1 33 is eating
1 35 has taken a fork
1 35 has taken a fork
1 35 is eating
1 37 has taken a fork
1 37 has taken a fork
1 37 is eating
1 39 has taken a fork
1 39 has taken a fork
1 39 is eating
1 41 has taken a fork
1 41 has taken a fork
1 41 is eating
1 43 has taken a fork
1 43 has taken a fork
1 43 is eating
1 45 has taken a fork
1 45 has taken a fork
1 45 is eating
1 47 has taken a fork
1 47 has taken a fork
1 47 is eating
1 49 has taken a fork
1 49 has taken a fork
1 49 is eating
1 51 has taken a fork
1 51 has taken a fork
1 51 is eating
1 53 has taken a fork
1 53 has taken a fork
1 53 is eating
1 55 has taken a fork
1 55 has taken a fork
1 55 is eating
1 57 has taken a fork
1 57 has taken a fork
1 57 is eating
1 59 has taken a fork
1 59 has taken a fork
1 59 is eating
1 61 has taken a fork
1 61 has taken a fork
1 61 is eating
1 63 has taken a fork
1 63 has taken a fork
1 63 is eating
1 65 has taken a fork
1 65 has taken a fork
1 65 is eating
1 67 has taken a fork
1 67 has taken a fork
1 67 is eating
1 69 has taken a fork
1 69 has taken a fork
1 69 is eating
2 71 has taken a fork
2 71 has taken a fork
2 71 is eating
2 73 has taken a fork
2 73 has taken a fork
2 73 is eating
2 75 has taken a fork
2 75 has taken a fork
2 75 is eating
2 77 has taken a fork
2 77 has taken a fork
2 77 is eating
2 79 has taken a fork
2 79 has taken a fork
2 79 is eating
2 81 has taken a fork
2 81 has taken a fork
2 81 is eating
2 83 has taken a fork
2 83 has taken a fork
2 83 is eating
2 87 has taken a fork
2 87 has taken a fork
2 87 is eating
2 85 has taken a fork
2 85 has taken a fork
2 85 is eating
2 89 has taken a fork
2 89 has taken a fork
2 89 is eating
2 91 has taken a fork
2 91 has taken a fork
2 91 is eating
2 93 has taken a fork
2 93 has taken a fork
2 93 is eating
2 95 has taken a fork
2 95 has taken a fork
2 95 is eating
2 97 has taken a fork
2 97 has taken a fork
2 97 is eating
2 99 has taken a fork
2 99 has taken a fork
2 99 is eating
2 101 has taken a fork
2 101 has taken a fork
2 101 is eating
2 103 has taken a fork
2 103 has taken a fork
2 103 is eating
2 105 has taken a fork
2 105 has taken a fork
2 105 is eating
2 107 has taken a fork
2 107 has taken a fork
2 107 is eating
2 109 has taken a fork
2 109 has taken a fork
2 109 is eating
2 111 has taken a fork
2 111 has taken a fork
2 111 is eating
2 113 has taken a fork
2 113 has taken a fork
2 113 is eating
2 115 has taken a fork
2 115 has taken a fork
2 115 is eating
2 117 has taken a fork
2 117 has taken a fork
2 117 is eating
2 119 has taken a fork
2 119 has taken a fork
2 119 is eating
2 121 has taken a fork
2 121 has taken a fork
2 121 is eating
2 123 has taken a fork
2 123 has taken a fork
2 123 is eating
2 125 has taken a fork
2 125 has taken a fork
2 125 is eating
3 127 has taken a fork
3 127 has taken a fork
3 127 is eating
3 129 has taken a fork
3 129 has taken a fork
3 129 is eating
3 131 has taken a fork
3 131 has taken a fork
3 131 is eating
3 133 has taken a fork
3 133 has taken a fork
3 133 is eating
3 135 has taken a fork
3 135 has taken a fork
3 135 is eating
3 137 has taken a fork
3 137 has taken a fork
3 137 is eating
3 139 has taken a fork
3 139 has taken a fork
3 139 is eating
3 143 has taken a fork
3 143 has taken a fork
3 143 is eating
3 141 has taken a fork
3 141 has taken a fork
3 141 is eating
3 145 has taken a fork
3 145 has taken a fork
3 145 is eating
3 147 has taken a fork
3 147 has taken a fork
3 147 is eating
3 149 has taken a fork
3 149 has taken a fork
3 149 is eating
3 151 has taken a fork
3 151 has taken a fork
3 151 is eating
3 153 has taken a fork
3 153 has taken a fork
3 153 is eating
3 155 has taken a fork
3 155 has taken a fork
3 155 is eating
3 157 has taken a fork
3 157 has taken a fork
3 157 is eating
3 159 has taken a fork
3 159 has taken a fork
3 159 is eating
3 161 has taken a fork
3 161 has taken a fork
3 161 is eating
3 163 has taken a fork
3 163 has taken a fork
3 163 is eating
3 165 has taken a fork
3 165 has taken a fork
3 165 is eating
3 167 has taken a fork
3 167 has taken a fork
3 167 is eating
3 169 has taken a fork
3 169 has taken a fork
3 169 is eating
3 171 has taken a fork
3 171 has taken a fork
3 171 is eating
3 173 has taken a fork
3 173 has taken a fork
3 173 is eating
3 175 has taken a fork
3 175 has taken a fork
3 175 is eating
3 177 has taken a fork
3 177 has taken a fork
3 177 is eating
3 179 has taken a fork
4 179 has taken a fork
4 179 is eating
4 181 has taken a fork
4 181 has taken a fork
4 181 is eating
4 183 has taken a fork
4 183 has taken a fork
4 183 is eating
4 185 has taken a fork
4 185 has taken a fork
4 185 is eating
4 187 has taken a fork
4 187 has taken a fork
4 187 is eating
4 189 has taken a fork
4 189 has taken a fork
4 189 is eating
4 191 has taken a fork
4 191 has taken a fork
4 191 is eating
4 193 has taken a fork
4 193 has taken a fork
4 193 is eating
4 195 has taken a fork
4 195 has taken a fork
4 195 is eating
4 197 has taken a fork
4 197 has taken a fork
4 197 is eating
4 199 has taken a fork
60 9 is sleeping
60 8 has taken a fork
60 7 is sleeping
60 6 has taken a fork
60 8 has taken a fork
60 8 is eating
60 11 is sleeping
60 10 has taken a fork
60 10 has taken a fork
60 10 is eating
60 13 is sleeping
60 12 has taken a fork
60 12 has taken a fork
60 12 is eating
60 15 is sleeping
60 17 is sleeping
60 14 has taken a fork
60 14 has taken a fork
60 14 is eating
60 3 is sleeping
60 2 has taken a fork
60 2 has taken a fork
60 16 has taken a fork
60 1 is sleeping
60 16 has taken a fork
60 16 is eating
60 2 is eating
60 199 has taken a fork
60 199 is eating
60 5 is sleeping
60 4 has taken a fork
60 6 has taken a fork
60 4 has taken a fork
60 6 is eating
60 4 is eating
61 37 is sleeping
61 61 is sleeping
61 67 is sleeping
61 32 has taken a fork
61 36 has taken a fork
61 60 has taken a fork
61 66 has taken a fork
61 33 is sleeping
61 55 is sleeping
61 54 has taken a fork
61 39 is sleeping
61 38 has taken a fork
61 38 has taken a fork
61 38 is eating
61 59 is sleeping
61 63 is sleeping
61 65 is sleeping
61 66 has taken a fork
61 58 has taken a fork
61 66 is eating
61 60 has taken a fork
61 60 is eating
61 62 has taken a fork
61 62 has taken a fork
61 35 is sleeping
61 36 has taken a fork
61 36 is eating
61 64 has taken a fork
61 64 has taken a fork
61 64 is eating
61 62 is eating
61 49 is sleeping
61 48 has taken a fork
61 69 is sleeping
61 34 has taken a fork
61 34 has taken a fork
61 34 is eating
61 68 has taken a fork
61 68 has taken a fork
61 68 is eating
61 57 is sleeping
61 56 has taken a fork
61 58 has taken a fork
61 56 has taken a fork
61 58 is eating
61 56 is eating
61 53 is sleeping
61 27 is sleeping
61 51 is sleeping
61 54 has taken a fork
61 52 has taken a fork
61 31 is sleeping
61 52 has taken a fork
61 52 is eating
61 21 is sleeping
61 23 is sleeping
61 19 is sleeping
61 50 has taken a fork
61 50 has taken a fork
61 26 has taken a fork
61 50 is eating
61 25 is sleeping
61 47 is sleeping
61 32 has taken a fork
61 43 is sleeping
61 46 has taken a fork
61 32 is eating
61 42 has taken a fork
61 30 has taken a fork
61 42 has taken a fork
61 42 is eating
61 45 is sleeping
61 20 has taken a fork
61 20 has taken a fork
61 20 is eating
61 24 has taken a fork
61 24 has taken a fork
61 24 is eating
61 48 has taken a fork
61 54 is eating
61 40 has taken a fork
61 40 has taken a fork
61 40 is eating
61 48 is eating
61 30 has taken a fork
61 30 is eating
61 41 is sleeping
61 22 has taken a fork
61 22 has taken a fork
61 22 is eating
61 18 has taken a fork
61 18 has taken a fork
61 18 is eating
61 26 has taken a fork
61 26 is eating
61 44 has taken a fork
61 44 has taken a fork
61 44 is eating
61 29 is sleeping
61 28 has taken a fork
61 28 has taken a fork
61 28 is eating
61 46 has taken a fork
61 46 is eating
62 77 is sleeping
62 76 has taken a fork
62 89 is sleeping
62 88 has taken a fork
62 91 is sleeping
62 121 is sleeping
62 125 is sleeping
62 87 is sleeping
62 101 is sleeping
62 117 is sleeping
62 116 has taken a fork
62 83 is sleeping
62 105 is sleeping
62 86 has taken a fork
62 104 has taken a fork
62 111 is sleeping
62 73 is sleeping
62 88 has taken a fork
62 71 is sleeping
62 120 has taken a fork
62 70 has taken a fork
62 70 has taken a fork
62 70 is eating
62 88 is eating
62 82 has taken a fork
62 72 has taken a fork
62 90 has taken a fork
62 72 has taken a fork
62 72 is eating
62 100 has taken a fork
62 90 has taken a fork
62 90 is eating
62 124 has taken a fork
62 99 is sleeping
62 75 is sleeping
62 74 has taken a fork
62 74 has taken a fork
62 74 is eating
62 110 has taken a fork
62 78 has taken a fork
62 78 has taken a fork
62 78 is eating
62 98 has taken a fork
62 100 has taken a fork
62 100 is eating
62 80 has taken a fork
62 80 has taken a fork
62 80 is eating
62 103 is sleeping
62 102 has taken a fork
62 102 has taken a fork
62 102 is eating
62 104 has taken a fork
62 104 is eating
62 82 has taken a fork
62 82 is eating
62 76 has taken a fork
62 76 is eating
62 79 is sleeping
62 81 is sleeping
62 85 is sleeping
62 84 has taken a fork
62 84 has taken a fork
62 84 is eating
62 119 is sleeping
62 86 has taken a fork
62 86 is eating
62 120 has taken a fork
62 120 is eating
62 118 has taken a fork
62 118 has taken a fork
62 118 is eating
62 113 is sleeping
62 112 has taken a fork
62 112 has taken a fork
62 112 is eating
62 123 is sleeping
62 124 has taken a fork
62 124 is eating
62 93 is sleeping
62 92 has taken a fork
62 92 has taken a fork
62 92 is eating
62 95 is sleeping
62 122 has taken a fork
62 109 is sleeping
62 108 has taken a fork
62 94 has taken a fork
62 94 has taken a fork
62 94 is eating
62 122 has taken a fork
62 122 is eating
62 115 is sleeping
62 114 has taken a fork
62 114 has taken a fork
62 116 has taken a fork
62 114 is eating
62 116 is eating
62 97 is sleeping
62 96 has taken a fork
62 96 has taken a fork
62 110 has taken a fork
62 98 has taken a fork
62 110 is eating
62 98 is eating
62 96 is eating
62 106 has taken a fork
62 106 has taken a fork
62 106 is eating
62 108 has taken a fork
62 107 is sleeping
62 108 is eating
63 149 is sleeping
63 148 has taken a fork
63 167 is sleeping
63 166 has taken a fork
63 147 is sleeping
63 146 has taken a fork
63 148 has taken a fork
63 148 is eating
63 135 is sleeping
63 161 is sleeping
63 134 has taken a fork
63 160 has taken a fork
63 141 is sleeping
63 173 is sleeping
63 172 has taken a fork
63 159 is sleeping
63 151 is sleeping
63 145 is sleeping
63 144 has taken a fork
63 158 has taken a fork
63 155 is sleeping
63 139 is sleeping
63 150 has taken a fork
63 154 has taken a fork
63 150 has taken a fork
63 150 is eating
63 146 has taken a fork
63 146 is eating
63 160 has taken a fork
63 133 is sleeping
63 160 is eating
63 132 has taken a fork
63 171 is sleeping
63 170 has taken a fork
63 172 has taken a fork
63 172 is eating
63 138 has taken a fork
63 134 has taken a fork
63 134 is eating
63 140 has taken a fork
63 140 has taken a fork
63 140 is eating
63 169 is sleeping
63 168 has taken a fork
63 168 has taken a fork
63 168 is eating
63 170 has taken a fork
63 170 is eating
63 127 is sleeping
63 163 is sleeping
63 177 is sleeping
63 176 has taken a fork
63 175 is sleeping
63 174 has taken a fork
63 174 has taken a fork
63 131 is sleeping
63 174 is eating
63 130 has taken a fork
63 176 has taken a fork
63 176 is eating
63 132 has taken a fork
63 132 is eating
63 162 has taken a fork
63 162 has taken a fork
63 162 is eating
63 126 has taken a fork
63 126 has taken a fork
63 126 is eating
63 157 is sleeping
63 156 has taken a fork
63 156 has taken a fork
63 156 is eating
63 153 is sleeping
63 154 has taken a fork
63 154 is eating
63 137 is sleeping
63 136 has taken a fork
63 136 has taken a fork
63 136 is eating
63 138 has taken a fork
63 138 is eating
63 165 is sleeping
63 166 has taken a fork
63 166 is eating
63 164 has taken a fork
63 164 has taken a fork
63 164 is eating
63 158 has taken a fork
63 158 is eating
63 152 has taken a fork
63 152 has taken a fork
63 152 is eating
63 143 is sleeping
63 142 has taken a fork
63 142 has taken a fork
63 142 is eating
63 129 is sleeping
63 128 has taken a fork
63 128 has taken a fork
63 128 is eating
63 144 has taken a fork
63 144 is eating
63 130 has taken a fork
63 130 is eating
64 189 is sleeping
64 187 is sleeping
64 186 has taken a fork
64 183 is sleeping
64 181 is sleeping
64 182 has taken a fork
64 182 has taken a fork
64 182 is eating
64 188 has taken a fork
64 188 has taken a fork
64 188 is eating
64 180 has taken a fork
64 197 is sleeping
64 179 is sleeping
64 196 has taken a fork
64 178 has taken a fork
64 180 has taken a fork
64 180 is eating
64 178 has taken a fork
64 178 is eating
64 185 is sleeping
64 184 has taken a fork
64 184 has taken a fork
64 184 is eating
64 186 has taken a fork
64 186 is eating
64 195 is sleeping
64 194 has taken a fork
64 196 has taken a fork
64 196 is eating
64 193 is sleeping
64 192 has taken a fork
64 194 has taken a fork
64 194 is eating
64 191 is sleeping
64 192 has taken a fork
64 190 has taken a fork
64 190 has taken a fork
64 190 is eating
64 192 is eating
120 2 is sleeping
120 7 is thinking
120 14 is sleeping
120 16 is sleeping
120 6 is sleeping
120 8 is sleeping
120 5 is thinking
120 9 is thinking
120 1 is thinking
120 3 is thinking
120 13 is thinking
120 199 is sleeping
120 198 has taken a fork
120 198 has taken a fork
120 198 is eating
120 10 is sleeping
120 12 is sleeping
120 11 is thinking
120 15 is thinking
120 4 is sleeping
120 17 is thinking
121 29 is thinking
121 19 is thinking
121 48 is sleeping
121 45 is thinking
121 18 is sleeping
121 49 is thinking
121 47 is thinking
121 41 is thinking
121 64 is sleeping
121 30 is sleeping
121 56 is sleeping
121 60 is sleeping
121 62 is sleeping
121 39 is thinking
121 46 is sleeping
121 57 is thinking
121 61 is thinking
121 54 is sleeping
121 33 is thinking
121 50 is sleeping
121 38 is sleeping
121 52 is sleeping
121 36 is sleeping
121 44 is sleeping
121 35 is thinking
121 31 is thinking
121 26 is sleeping
121 23 is thinking
121 37 is thinking
121 24 is sleeping
121 40 is sleeping
121 43 is thinking
121 42 is sleeping
121 69 is thinking
121 53 is thinking
121 32 is sleeping
121 65 is thinking
121 27 is thinking
121 67 is thinking
121 21 is thinking
121 58 is sleeping
121 22 is sleeping
121 20 is sleeping
121 63 is thinking
121 28 is sleeping
121 25 is thinking
121 66 is sleeping
121 55 is thinking
121 68 is sleeping
121 59 is thinking
121 34 is sleeping
121 51 is thinking
122 100 is sleeping
122 71 is thinking
122 105 is thinking
122 80 is sleeping
122 106 is sleeping
122 77 is thinking
122 103 is thinking
122 116 is sleeping
122 95 is thinking
122 90 is sleeping
122 84 is sleeping
122 83 is thinking
122 79 is thinking
122 112 is sleeping
122 125 is thinking
122 120 is sleeping
122 70 is sleeping
122 88 is sleeping
122 93 is thinking
122 82 is sleeping
122 75 is thinking
122 122 is sleeping
122 72 is sleeping
122 104 is sleeping
122 113 is thinking
122 89 is thinking
122 94 is sleeping
122 119 is thinking
122 87 is thinking
122 117 is thinking
122 121 is thinking
122 114 is sleeping
122 107 is thinking
122 85 is thinking
122 108 is sleeping
122 110 is sleeping
122 123 is thinking
122 86 is sleeping
122 97 is thinking
122 109 is thinking
122 76 is sleeping
122 111 is thinking
122 96 is sleeping
122 92 is sleeping
122 115 is thinking
122 98 is sleeping
122 102 is sleeping
122 78 is sleeping
122 74 is sleeping
122 73 is thinking
122 91 is thinking
122 118 is sleeping
122 81 is thinking
122 124 is sleeping
122 99 is thinking
122 101 is thinking
123 137 is thinking
123 128 is sleeping
123 127 is thinking
123 173 is thinking
123 135 is thinking
123 174 is sleeping
123 132 is sleeping
123 144 is sleeping
123 153 is thinking
123 170 is sleeping
123 133 is thinking
123 142 is sleeping
123 163 is thinking
123 151 is thinking
123 171 is thinking
123 130 is sleeping
123 177 is thinking
123 134 is sleeping
123 165 is thinking
123 149 is thinking
123 155 is thinking
123 175 is thinking
123 136 is sleeping
123 145 is thinking
123 143 is thinking
123 156 is sleeping
123 138 is sleeping
123 158 is sleeping
123 146 is sleeping
123 176 is sleeping
123 129 is thinking
123 154 is sleeping
123 166 is sleeping
123 157 is thinking
123 168 is sleeping
123 172 is sleeping
123 140 is sleeping
123 139 is thinking
123 162 is sleeping
123 131 is thinking
123 141 is thinking
123 147 is thinking
123 150 is sleeping
123 126 is sleeping
123 169 is thinking
123 167 is thinking
123 159 is thinking
123 161 is thinking
123 160 is sleeping
123 148 is sleeping
123 164 is sleeping
123 152 is sleeping
124 179 is thinking
124 183 is thinking
124 191 is thinking
124 194 is sleeping
124 197 is thinking
124 189 is thinking
124 186 is sleeping
124 178 is sleeping
124 196 is sleeping
124 188 is sleeping
124 182 is sleeping
124 193 is thinking
124 181 is thinking
124 180 is sleeping
124 185 is thinking
124 192 is sleeping
124 190 is sleeping
124 195 is thinking
124 187 is thinking
124 184 is sleeping
150 1 has taken a fork
150 1 has taken a fork
150 1 is eating
150 7 has taken a fork
150 7 has taken a fork
150 7 is eating
150 5 has taken a fork
150 5 has taken a fork
150 5 is eating
150 3 has taken a fork
150 3 has taken a fork
150 3 is eating
150 15 has taken a fork
150 15 has taken a fork
150 15 is eating
150 17 has taken a fork
150 17 has taken a fork
150 17 is eating
150 13 has taken a fork
150 13 has taken a fork
150 13 is eating
150 11 has taken a fork
150 11 has taken a fork
150 11 is eating
150 9 has taken a fork
150 9 has taken a fork
150 9 is eating
151 69 has taken a fork
151 69 has taken a fork
151 69 is eating
151 23 has taken a fork
151 23 has taken a fork
151 23 is eating
151 35 has taken a fork
151 35 has taken a fork
151 35 is eating
151 61 has taken a fork
151 61 has taken a fork
151 61 is eating
151 47 has taken a fork
151 47 has taken a fork
151 47 is eating
151 49 has taken a fork
151 49 has taken a fork
151 49 is eating
151 63 has taken a fork
151 63 has taken a fork
151 63 is eating
151 57 has taken a fork
151 57 has taken a fork
151 57 is eating
151 19 has taken a fork
151 19 has taken a fork
151 19 is eating
151 39 has taken a fork
151 53 has taken a fork
151 53 has taken a fork
151 53 is eating
151 39 has taken a fork
151 39 is eating
151 55 has taken a fork
151 55 has taken a fork
151 55 is eating
151 43 has taken a fork
151 25 has taken a fork
151 43 has taken a fork
151 29 has taken a fork
151 29 has taken a fork
151 29 is eating
151 43 is eating
151 45 has taken a fork
151 45 has taken a fork
151 45 is eating
151 31 has taken a fork
151 41 has taken a fork
151 41 has taken a fork
151 41 is eating
151 31 has taken a fork
151 31 is eating
151 25 has taken a fork
151 25 is eating
151 67 has taken a fork
151 67 has taken a fork
151 67 is eating
151 27 has taken a fork
151 27 has taken a fork
151 27 is eating
151 59 has taken a fork
151 59 has taken a fork
151 59 is eating
151 37 has taken a fork
151 37 has taken a fork
151 37 is eating
151 65 has taken a fork
151 65 has taken a fork
151 21 has taken a fork
151 65 is eating
151 21 has taken a fork
151 51 has taken a fork
151 21 is eating
151 51 has taken a fork
151 51 is eating
151 33 has taken a fork
151 33 has taken a fork
151 33 is eating
152 125 has taken a fork
152 125 has taken a fork
152 125 is eating
152 107 has taken a fork
152 107 has taken a fork
152 107 is eating
152 91 has taken a fork
152 91 has taken a fork
152 91 is eating
152 109 has taken a fork
152 79 has taken a fork
152 79 has taken a fork
152 79 is eating
152 109 has taken a fork
152 109 is eating
152 117 has taken a fork
152 117 has taken a fork
152 103 has taken a fork
152 117 is eating
152 95 has taken a fork
152 103 has taken a fork
152 95 has taken a fork
152 103 is eating
152 95 is eating
152 123 has taken a fork
152 123 has taken a fork
152 123 is eating
152 119 has taken a fork
152 71 has taken a fork
152 119 has taken a fork
152 71 has taken a fork
152 119 is eating
152 71 is eating
152 81 has taken a fork
152 81 has taken a fork
152 81 is eating
152 105 has taken a fork
152 105 has taken a fork
152 105 is eating
152 93 has taken a fork
152 93 has taken a fork
152 93 is eating
152 101 has taken a fork
152 101 has taken a fork
152 101 is eating
152 89 has taken a fork
152 89 has taken a fork
152 89 is eating
152 75 has taken a fork
152 75 has taken a fork
152 75 is eating
152 111 has taken a fork
152 111 has taken a fork
152 111 is eating
152 115 has taken a fork
152 115 has taken a fork
152 115 is eating
152 83 has taken a fork
152 83 has taken a fork
152 83 is eating
152 77 has taken a fork
152 77 has taken a fork
152 77 is eating
152 97 has taken a fork
152 97 has taken a fork
152 97 is eating
152 73 has taken a fork
152 73 has taken a fork
152 73 is eating
152 99 has taken a fork
152 99 has taken a fork
152 99 is eating
152 121 has taken a fork
152 121 has taken a fork
152 121 is eating
152 113 has taken a fork
152 113 has taken a fork
152 113 is eating
152 87 has taken a fork
152 87 has taken a fork
152 87 is eating
152 85 has taken a fork
152 85 has taken a fork
152 85 is eating
153 141 has taken a fork
153 141 has taken a fork
153 141 is eating
153 171 has taken a fork
153 171 has taken a fork
153 171 is eating
153 175 has taken a fork
153 175 has taken a fork
153 129 has taken a fork
153 175 is eating
153 129 has taken a fork
153 129 is eating
153 163 has taken a fork
153 163 has taken a fork
153 163 is eating
153 169 has taken a fork
153 169 has taken a fork
153 169 is eating
153 159 has taken a fork
153 159 has taken a fork
153 159 is eating
153 127 has taken a fork
153 127 has taken a fork
153 127 is eating
153 165 has taken a fork
153 165 has taken a fork
153 165 is eating
153 157 has taken a fork
153 157 has taken a fork
153 157 is eating
153 177 has taken a fork
153 177 has taken a fork
153 177 is eating
153 151 has taken a fork
153 151 has taken a fork
153 151 is eating
153 173 has taken a fork
153 173 has taken a fork
153 173 is eating
153 137 has taken a fork
153 137 has taken a fork
153 137 is eating
153 135 has taken a fork
153 135 has taken a fork
153 135 is eating
153 153 has taken a fork
153 153 has taken a fork
153 153 is eating
153 133 has taken a fork
153 133 has taken a fork
153 133 is eating
153 139 has taken a fork
153 139 has taken a fork
153 139 is eating
153 149 has taken a fork
153 149 has taken a fork
153 149 is eating
153 155 has taken a fork
153 155 has taken a fork
153 155 is eating
153 145 has taken a fork
153 145 has taken a fork
153 145 is eating
153 143 has taken a fork
153 143 has taken a fork
153 143 is eating
153 167 has taken a fork
153 167 has taken a fork
153 167 is eating
153 131 has taken a fork
153 131 has taken a fork
153 131 is eating
153 161 has taken a fork
153 161 has taken a fork
153 161 is eating
153 147 has taken a fork
153 147 has taken a fork
153 147 is eating
154 195 has taken a fork
154 195 has taken a fork
154 195 is eating
154 191 has taken a fork
154 191 has taken a fork
154 191 is eating
154 185 has taken a fork
154 185 has taken a fork
154 185 is eating
154 187 has taken a fork
154 187 has taken a fork
154 187 is eating
154 183 has taken a fork
154 183 has taken a fork
154 183 is eating
154 189 has taken a fork
154 189 has taken a fork
154 189 is eating
154 179 has taken a fork
154 179 has taken a fork
154 179 is eating
154 193 has taken a fork
154 193 has taken a fork
154 193 is eating
154 181 has taken a fork
154 181 has taken a fork
154 181 is eating
180 2 is thinking
180 6 is thinking
180 197 has taken a fork
180 197 has taken a fork
180 197 is eating
180 198 is sleeping
180 199 is thinking
180 4 is thinking
180 8 is thinking
180 10 is thinking
180 14 is thinking
180 12 is thinking
180 16 is thinking
181 44 is thinking
181 64 is thinking
181 46 is thinking
181 18 is thinking
181 60 is thinking
181 58 is thinking
181 54 is thinking
181 68 is thinking
181 20 is thinking
181 52 is thinking
181 40 is thinking
181 62 is thinking
181 38 is thinking
181 30 is thinking
181 22 is thinking
181 42 is thinking
181 32 is thinking
181 36 is thinking
181 66 is thinking
181 50 is thinking
181 28 is thinking
181 56 is thinking
181 48 is thinking
181 26 is thinking
181 34 is thinking
181 24 is thinking
182 100 is thinking
182 70 is thinking
182 88 is thinking
182 124 is thinking
182 106 is thinking
182 112 is thinking
182 74 is thinking
182 78 is thinking
182 116 is thinking
182 118 is thinking
182 104 is thinking
182 108 is thinking
182 122 is thinking
182 86 is thinking
182 82 is thinking
182 102 is thinking
182 110 is thinking
182 90 is thinking
182 80 is thinking
182 84 is thinking
182 92 is thinking
182 96 is thinking
182 76 is thinking
182 114 is thinking
182 72 is thinking
182 120 is thinking
182 98 is thinking
182 94 is thinking
183 158 is thinking
183 164 is thinking
183 132 is thinking
183 136 is thinking
183 160 is thinking
183 174 is thinking
183 176 is thinking
183 156 is thinking
183 128 is thinking
183 138 is thinking
183 148 is thinking
183 150 is thinking
183 170 is thinking
183 140 is thinking
183 172 is thinking
183 166 is thinking
183 168 is thinking
183 152 is thinking
183 126 is thinking
183 144 is thinking
183 162 is thinking
183 134 is thinking
183 130 is thinking
183 146 is thinking
183 142 is thinking
183 154 is thinking
184 184 is thinking
184 178 is thinking
184 192 is thinking
184 188 is thinking
184 196 is thinking
184 182 is thinking
184 186 is thinking
184 180 is thinking
184 194 is thinking
184 190 is thinking
210 5 is sleeping
210 13 is sleeping
210 4 has taken a fork
210 199 has taken a fork
210 7 is sleeping
210 1 is sleeping
210 199 has taken a fork
210 199 is eating
210 6 has taken a fork
210 6 has taken a fork
210 6 is eating
210 9 is sleeping
210 8 has taken a fork
210 8 has taken a fork
210 8 is eating
210 11 is sleeping
210 10 has taken a fork
210 10 has taken a fork
210 10 is eating
210 12 has taken a fork
210 12 has taken a fork
210 12 is eating
210 17 is sleeping
210 3 is sleeping
210 15 is sleeping
210 4 has taken a fork
210 16 has taken a fork
210 2 has taken a fork
210 16 has taken a fork
210 16 is eating
210 2 has taken a fork
210 14 has taken a fork
210 4 is eating
210 2 is eating
210 14 has taken a fork
210 14 is eating
211 57 is sleeping
211 51 is sleeping
211 27 is sleeping
211 59 is sleeping
211 69 is sleeping
211 25 is sleeping
211 67 is sleeping
211 50 has taken a fork
211 47 is sleeping
211 19 is sleeping
211 66 has taken a fork
211 43 is sleeping
211 65 is sleeping
211 35 is sleeping
211 66 has taken a fork
211 66 is eating
211 45 is sleeping
211 64 has taken a fork
211 24 has taken a fork
211 26 has taken a fork
211 26 has taken a fork
211 26 is eating
211 33 is sleeping
211 39 is sleeping
211 49 is sleeping
211 29 is sleeping
211 38 has taken a fork
211 50 has taken a fork
211 50 is eating
211 48 has taken a fork
211 48 has taken a fork
211 48 is eating
211 32 has taken a fork
211 46 has taken a fork
211 46 has taken a fork
211 46 is eating
211 44 has taken a fork
211 44 has taken a fork
211 44 is eating
211 28 has taken a fork
211 28 has taken a fork
211 28 is eating
211 53 is sleeping
211 42 has taken a fork
211 52 has taken a fork
211 52 has taken a fork
211 21 is sleeping
211 52 is eating
211 34 has taken a fork
211 34 has taken a fork
211 34 is eating
211 37 is sleeping
211 55 is sleeping
211 40 has taken a fork
211 40 has taken a fork
211 40 is eating
211 42 has taken a fork
211 42 is eating
211 36 has taken a fork
211 38 has taken a fork
211 36 has taken a fork
211 38 is eating
211 54 has taken a fork
211 54 has taken a fork
211 54 is eating
211 36 is eating
211 41 is sleeping
211 18 has taken a fork
211 18 has taken a fork
211 18 is eating
211 62 has taken a fork
211 62 has taken a fork
211 56 has taken a fork
211 62 is eating
211 30 has taken a fork
211 56 has taken a fork
211 30 has taken a fork
211 30 is eating
211 20 has taken a fork
211 58 has taken a fork
211 23 is sleeping
211 61 is sleeping
211 58 has taken a fork
211 58 is eating
211 20 has taken a fork
211 22 has taken a fork
211 31 is sleeping
211 56 is eating
211 64 has taken a fork
211 60 has taken a fork
211 60 has taken a fork
211 32 has taken a fork
211 60 is eating
211 32 is eating
211 64 is eating
211 20 is eating
211 22 has taken a fork
211 22 is eating
211 24 has taken a fork
211 24 is eating
211 68 has taken a fork
211 68 has taken a fork
211 68 is eating
211 63 is sleeping
212 101 is sleeping
212 99 is sleeping
212 77 is sleeping
212 125 is sleeping
212 85 is sleeping
212 91 is sleeping
212 109 is sleeping
212 76 has taken a fork
212 113 is sleeping
212 115 is sleeping
212 108 has taken a fork
212 97 is sleeping
212 95 is sleeping
212 107 is sleeping
212 108 has taken a fork
212 108 is eating
212 111 is sleeping
212 114 has taken a fork
212 114 has taken a fork
212 114 is eating
212 79 is sleeping
212 78 has taken a fork
212 78 has taken a fork
212 78 is eating
212 121 is sleeping
212 83 is sleeping
212 124 has taken a fork
212 120 has taken a fork
212 117 is sleeping
212 110 has taken a fork
212 110 has taken a fork
212 110 is eating
212 87 is sleeping
212 116 has taken a fork
212 116 has taken a fork
212 116 is eating
212 112 has taken a fork
212 98 has taken a fork
212 98 has taken a fork
212 98 is eating
212 124 has taken a fork
212 124 is eating
212 112 has taken a fork
212 112 is eating
212 122 has taken a fork
212 122 has taken a fork
212 122 is eating
212 103 is sleeping
212 123 is sleeping
212 75 is sleeping
212 76 has taken a fork
212 76 is eating
212 102 has taken a fork
212 102 has taken a fork
212 102 is eating
212 96 has taken a fork
212 96 has taken a fork
212 96 is eating
212 89 is sleeping
212 82 has taken a fork
212 74 has taken a fork
212 93 is sleeping
212 73 is sleeping
212 105 is sleeping
212 90 has taken a fork
212 90 has taken a fork
212 90 is eating
212 119 is sleeping
212 94 has taken a fork
212 94 has taken a fork
212 94 is eating
212 118 has taken a fork
212 71 is sleeping
212 118 has taken a fork
212 118 is eating
212 88 has taken a fork
212 88 has taken a fork
212 88 is eating
212 100 has taken a fork
212 100 has taken a fork
212 74 has taken a fork
212 74 is eating
212 72 has taken a fork
212 72 has taken a fork
212 100 is eating
212 72 is eating
212 104 has taken a fork
212 104 has taken a fork
212 104 is eating
212 120 has taken a fork
212 120 is eating
212 70 has taken a fork
212 82 has taken a fork
212 80 has taken a fork
212 82 is eating
212 70 has taken a fork
212 70 is eating
212 84 has taken a fork
212 80 has taken a fork
212 84 has taken a fork
212 80 is eating
212 86 has taken a fork
212 84 is eating
212 86 has taken a fork
212 86 is eating
212 81 is sleeping
212 106 has taken a fork
212 106 has taken a fork
212 106 is eating
212 92 has taken a fork
212 92 has taken a fork
212 92 is eating
213 137 is sleeping
213 161 is sleeping
213 141 is sleeping
213 131 is sleeping
213 127 is sleeping
213 130 has taken a fork
213 155 is sleeping
213 145 is sleeping
213 128 has taken a fork
213 128 has taken a fork
213 129 is sleeping
213 144 has taken a fork
213 130 has taken a fork
213 130 is eating
213 128 is eating
213 154 has taken a fork
213 133 is sleeping
213 149 is sleeping
213 140 has taken a fork
213 153 is sleeping
213 152 has taken a fork
213 154 has taken a fork
213 154 is eating
213 157 is sleeping
213 171 is sleeping
213 160 has taken a fork
213 170 has taken a fork
213 148 has taken a fork
213 173 is sleeping
213 172 has taken a fork
213 172 has taken a fork
213 172 is eating
213 175 is sleeping
213 174 has taken a fork
213 174 has taken a fork
213 174 is eating
213 159 is sleeping
213 147 is sleeping
213 160 has taken a fork
213 160 is eating
213 126 has taken a fork
213 126 has taken a fork
213 126 is eating
213 139 is sleeping
213 165 is sleeping
213 132 has taken a fork
213 169 is sleeping
213 158 has taken a fork
213 156 has taken a fork
213 156 has taken a fork
213 156 is eating
213 158 has taken a fork
213 158 is eating
213 146 has taken a fork
213 146 has taken a fork
213 146 is eating
213 132 has taken a fork
213 132 is eating
213 148 has taken a fork
213 148 is eating
213 164 has taken a fork
213 163 is sleeping
213 136 has taken a fork
213 164 has taken a fork
213 164 is eating
213 167 is sleeping
213 138 has taken a fork
213 138 has taken a fork
213 138 is eating
213 162 has taken a fork
213 162 has taken a fork
213 162 is eating
213 135 is sleeping
213 134 has taken a fork
213 134 has taken a fork
213 134 is eating
213 136 has taken a fork
213 151 is sleeping
213 136 is eating
213 142 has taken a fork
213 142 has taken a fork
213 143 is sleeping
213 166 has taken a fork
213 142 is eating
213 166 has taken a fork
213 166 is eating
213 152 has taken a fork
213 152 is eating
213 177 is sleeping
213 170 has taken a fork
213 170 is eating
213 168 has taken a fork
213 168 has taken a fork
213 168 is eating
213 144 has taken a fork
213 176 has taken a fork
213 140 has taken a fork
213 140 is eating
213 176 has taken a fork
213 176 is eating
213 144 is eating
213 150 has taken a fork
213 150 has taken a fork
213 150 is eating
214 191 is sleeping
214 181 is sleeping
214 179 is sleeping
214 178 has taken a fork
214 178 has taken a fork
214 178 is eating
214 195 is sleeping
214 194 has taken a fork
214 183 is sleeping
214 182 has taken a fork
214 182 has taken a fork
214 190 has taken a fork
214 182 is eating
214 193 is sleeping
214 194 has taken a fork
214 194 is eating
214 187 is sleeping
214 180 has taken a fork
214 180 has taken a fork
214 180 is eating
214 186 has taken a fork
214 192 has taken a fork
214 192 has taken a fork
214 192 is eating
214 189 is sleeping
214 184 has taken a fork
214 184 has taken a fork
214 184 is eating
214 185 is sleeping
214 190 has taken a fork
214 190 is eating
214 186 has taken a fork
214 186 is eating
214 188 has taken a fork
214 188 has taken a fork
214 188 is eating
240 198 is thinking
240 197 is sleeping
240 196 has taken a fork
240 196 has taken a fork
240 196 is eating
270 12 is sleeping
270 13 is thinking
270 1 is thinking
270 9 is thinking
270 16 is sleeping
270 6 is sleeping
270 15 is thinking
270 199 is sleeping
270 10 is sleeping
270 2 is sleeping
270 198 has taken a fork
270 198 has taken a fork
270 198 is eating
270 4 is sleeping
270 5 is thinking
270 14 is sleeping
270 3 is thinking
270 17 is thinking
270 7 is thinking
270 11 is thinking
270 8 is sleeping
271 69 is thinking
271 52 is sleeping
271 38 is sleeping
271 53 is thinking
271 25 is thinking
271 65 is thinking
271 64 is sleeping
271 36 is sleeping
271 28 is sleeping
271 24 is sleeping
271 67 is thinking
271 26 is sleeping
271 62 is sleeping
271 68 is sleeping
271 55 is thinking
271 31 is thinking
271 37 is thinking
271 45 is thinking
271 48 is sleeping
271 35 is thinking
271 18 is sleeping
271 20 is sleeping
271 22 is sleeping
271 43 is thinking
271 39 is thinking
271 54 is sleeping
271 44 is sleeping
271 23 is thinking
271 30 is sleeping
271 60 is sleeping
271 29 is thinking
271 19 is thinking
271 59 is thinking
271 47 is thinking
271 51 is thinking
271 27 is thinking
271 33 is thinking
271 34 is sleeping
271 42 is sleeping
271 46 is sleeping
271 50 is sleeping
271 40 is sleeping
271 32 is sleeping
271 21 is thinking
271 66 is sleeping
271 49 is thinking
271 58 is sleeping
271 63 is thinking
271 57 is thinking
271 61 is thinking
271 41 is thinking
271 56 is sleeping
272 100 is sleeping
272 123 is thinking
272 73 is thinking
272 104 is sleeping
272 125 is thinking
272 80 is sleeping
272 86 is sleeping
272 70 is sleeping
272 83 is thinking
272 121 is thinking
272 109 is thinking
272 94 is sleeping
272 118 is sleeping
272 84 is sleeping
272 87 is thinking
272 89 is thinking
272 103 is thinking
272 99 is thinking
272 111 is thinking
272 75 is thinking
272 102 is sleeping
272 85 is thinking
272 71 is thinking
272 96 is sleeping
272 82 is sleeping
272 98 is sleeping
272 79 is thinking
272 110 is sleeping
272 116 is sleeping
272 90 is sleeping
272 122 is sleeping
272 112 is sleeping
272 106 is sleeping
272 117 is thinking
272 93 is thinking
272 105 is thinking
272 78 is sleeping
272 76 is sleeping
272 91 is thinking
272 92 is sleeping
272 113 is thinking
272 115 is thinking
272 107 is thinking
272 95 is thinking
272 124 is sleeping
272 88 is sleeping
272 74 is sleeping
272 114 is sleeping
272 81 is thinking
272 119 is thinking
272 120 is sleeping
272 101 is thinking
272 72 is sleeping
272 77 is thinking
272 108 is sleeping
272 97 is thinking
273 149 is thinking
273 145 is thinking
273 167 is thinking
273 130 is sleeping
273 160 is sleeping
273 140 is sleeping
273 154 is sleeping
273 146 is sleeping
273 165 is thinking
273 127 is thinking
273 158 is sleeping
273 137 is thinking
273 144 is sleeping
273 168 is sleeping
273 129 is thinking
273 172 is sleeping
273 164 is sleeping
273 135 is thinking
273 162 is sleeping
273 138 is sleeping
273 151 is thinking
273 176 is sleeping
273 131 is thinking
273 134 is sleeping
273 170 is sleeping
273 159 is thinking
273 148 is sleeping
273 157 is thinking
273 153 is thinking
273 174 is sleeping
273 175 is thinking
273 163 is thinking
273 133 is thinking
273 156 is sleeping
273 126 is sleeping
273 128 is sleeping
273 132 is sleeping
273 141 is thinking
273 171 is thinking
273 139 is thinking
273 143 is thinking
273 142 is sleeping
273 173 is thinking
273 155 is thinking
273 161 is thinking
273 136 is sleeping
273 177 is thinking
273 152 is sleeping
273 166 is sleeping
273 147 is thinking
273 169 is thinking
273 150 is sleeping
274 191 is thinking
274 186 is sleeping
274 187 is thinking
274 190 is sleeping
274 185 is thinking
274 178 is sleeping
274 183 is thinking
274 182 is sleeping
274 189 is thinking
274 193 is thinking
274 195 is thinking
274 179 is thinking
274 192 is sleeping
274 194 is sleeping
274 181 is thinking
274 180 is sleeping
274 184 is sleeping
274 188 is sleeping
300 15 has taken a fork
300 15 has taken a fork
300 15 is eating
300 11 has taken a fork
300 11 has taken a fork
300 11 is eating
300 5 has taken a fork
300 5 has taken a fork
300 5 is eating
300 1 has taken a fork
300 1 has taken a fork
300 1 is eating
300 9 has taken a fork
300 9 has taken a fork
300 9 is eating
300 13 has taken a fork
300 13 has taken a fork
300 13 is eating
300 3 has taken a fork
300 3 has taken a fork
300 3 is eating
300 17 has taken a fork
300 17 has taken a fork
300 17 is eating
300 7 has taken a fork
300 7 has taken a fork
300 7 is eating
300 197 is thinking
300 196 is sleeping
301 49 has taken a fork
301 49 has taken a fork
301 49 is eating
301 25 has taken a fork
301 25 has taken a fork
301 25 is eating
301 21 has taken a fork
301 21 has taken a fork
301 21 is eating
301 55 has taken a fork
301 55 has taken a fork
301 55 is eating
301 53 has taken a fork
301 53 has taken a fork
301 53 is eating
301 45 has taken a fork
301 51 has taken a fork
301 51 has taken a fork
301 39 has taken a fork
301 51 is eating
301 35 has taken a fork
301 39 has taken a fork
301 35 has taken a fork
301 39 is eating
301 35 is eating
301 57 has taken a fork
301 57 has taken a fork
301 47 has taken a fork
301 61 has taken a fork
301 61 has taken a fork
301 61 is eating
301 57 is eating
301 63 has taken a fork
301 63 has taken a fork
301 63 is eating
301 33 has taken a fork
301 33 has taken a fork
301 33 is eating
301 47 has taken a fork
301 47 is eating
301 31 has taken a fork
301 31 has taken a fork
301 31 is eating
301 59 has taken a fork
301 59 has taken a fork
301 59 is eating
301 65 has taken a fork
301 65 has taken a fork
301 65 is eating
301 45 has taken a fork
301 45 is eating
301 27 has taken a fork
301 27 has taken a fork
301 37 has taken a fork
301 37 has taken a fork
301 37 is eating
301 69 has taken a fork
301 69 has taken a fork
301 69 is eating
301 27 is eating
301 19 has taken a fork
301 19 has taken a fork
301 19 is eating
301 43 has taken a fork
301 43 has taken a fork
301 23 has taken a fork
301 29 has taken a fork
301 29 has taken a fork
301 29 is eating
301 43 is eating
301 23 has taken a fork
301 23 is eating
301 67 has taken a fork
301 67 has taken a fork
301 67 is eating
301 41 has taken a fork
301 41 has taken a fork
301 41 is eating
302 83 has taken a fork
302 83 has taken a fork
302 83 is eating
302 77 has taken a fork
302 77 has taken a fork
302 77 is eating
302 123 has taken a fork
302 123 has taken a fork
302 123 is eating
302 115 has taken a fork
302 115 has taken a fork
302 115 is eating
302 87 has taken a fork
302 87 has taken a fork
302 87 is eating
302 85 has taken a fork
302 85 has taken a fork
302 85 is eating
302 71 has taken a fork
302 71 has taken a fork
302 71 is eating
302 81 has taken a fork
302 81 has taken a fork
302 81 is eating
302 91 has taken a fork
302 91 has taken a fork
302 91 is eating
302 89 has taken a fork
302 89 has taken a fork
302 125 has taken a fork
302 117 has taken a fork
302 117 has taken a fork
302 117 is eating
302 125 has taken a fork
302 109 has taken a fork
302 125 is eating
302 109 has taken a fork
302 109 is eating
302 75 has taken a fork
302 75 has taken a fork
302 75 is eating
302 111 has taken a fork
302 111 has taken a fork
302 111 is eating
302 89 is eating
302 121 has taken a fork
302 121 has taken a fork
302 121 is eating
302 97 has taken a fork
302 97 has taken a fork
302 97 is eating
302 103 has taken a fork
302 103 has taken a fork
302 103 is eating
302 93 has taken a fork
302 93 has taken a fork
302 93 is eating
302 105 has taken a fork
302 105 has taken a fork
302 105 is eating
302 95 has taken a fork
302 95 has taken a fork
302 95 is eating
302 99 has taken a fork
302 99 has taken a fork
302 99 is eating
302 101 has taken a fork
302 101 has taken a fork
302 101 is eating
302 107 has taken a fork
302 113 has taken a fork
302 113 has taken a fork
302 113 is eating
302 73 has taken a fork
302 73 has taken a fork
302 73 is eating
302 107 has taken a fork
302 107 is eating
302 119 has taken a fork
302 119 has taken a fork
302 119 is eating
302 79 has taken a fork
302 79 has taken a fork
302 79 is eating
303 127 has taken a fork
303 127 has taken a fork
303 127 is eating
303 137 has taken a fork
303 137 has taken a fork
303 137 is eating
303 151 has taken a fork
303 155 has taken a fork
303 155 has taken a fork
303 155 is eating
303 151 has taken a fork
303 151 is eating
303 147 has taken a fork
303 147 has taken a fork
303 147 is eating
303 161 has taken a fork
303 161 has taken a fork
303 161 is eating
303 141 has taken a fork
303 141 has taken a fork
303 141 is eating
303 169 has taken a fork
303 169 has taken a fork
303 169 is eating
303 135 has taken a fork
303 135 has taken a fork
303 135 is eating
303 159 has taken a fork
303 159 has taken a fork
303 159 is eating
303 173 has taken a fork
303 173 has taken a fork
303 173 is eating
303 133 has taken a fork
303 133 has taken a fork
303 133 is eating
303 129 has taken a fork
303 129 has taken a fork
303 129 is eating
303 153 has taken a fork
303 153 has taken a fork
303 153 is eating
303 145 has taken a fork
303 145 has taken a fork
303 145 is eating
303 157 has taken a fork
303 157 has taken a fork
303 157 is eating
303 171 has taken a fork
303 171 has taken a fork
303 171 is eating
303 149 has taken a fork
303 149 has taken a fork
303 149 is eating
303 139 has taken a fork
303 139 has taken a fork
303 139 is eating
303 175 has taken a fork
303 175 has taken a fork
303 175 is eating
303 163 has taken a fork
303 163 has taken a fork
303 163 is eating
303 131 has taken a fork
303 131 has taken a fork
303 131 is eating
303 177 has taken a fork
303 177 has taken a fork
303 177 is eating
303 165 has taken a fork
303 165 has taken a fork
303 165 is eating
303 143 has taken a fork
303 143 has taken a fork
303 143 is eating
303 167 has taken a fork
303 167 has taken a fork
303 167 is eating
304 179 has taken a fork
304 179 has taken a fork
304 179 is eating
304 183 has taken a fork
304 183 has taken a fork
304 183 is eating
304 189 has taken a fork
304 189 has taken a fork
304 189 is eating
304 193 has taken a fork
304 193 has taken a fork
304 193 is eating
304 187 has taken a fork
304 187 has taken a fork
304 187 is eating
304 185 has taken a fork
304 185 has taken a fork
304 185 is eating
304 191 has taken a fork
304 191 has taken a fork
304 191 is eating
304 181 has taken a fork
304 181 has taken a fork
304 181 is eating
304 195 has taken a fork
304 195 has taken a fork
304 195 is eating
330 12 is thinking
330 198 is sleeping
330 197 has taken a fork
330 197 has taken a fork
330 197 is eating
330 2 is thinking
330 8 is thinking
330 14 is thinking
330 4 is thinking
330 199 is thinking
330 6 is thinking
330 10 is thinking
330 16 is thinking
331 46 is thinking
331 38 is thinking
331 32 is thinking
331 68 is thinking
331 26 is thinking
331 42 is thinking
331 44 is thinking
331 30 is thinking
331 40 is thinking
331 18 is thinking
331 50 is thinking
331 56 is thinking
331 62 is thinking
331 24 is thinking
331 64 is thinking
331 58 is thinking
331 22 is thinking
331 52 is thinking
331 36 is thinking
331 28 is thinking
331 60 is thinking
331 48 is thinking
331 20 is thinking
331 34 is thinking
331 54 is thinking
331 66 is thinking
332 92 is thinking
332 70 is thinking
332 80 is thinking
332 100 is thinking
332 96 is thinking
332 74 is thinking
332 84 is thinking
332 112 is thinking
332 118 is thinking
332 110 is thinking
332 90 is thinking
332 78 is thinking
332 104 is thinking
332 106 is thinking
332 72 is thinking
332 82 is thinking
332 124 is thinking
332 76 is thinking
332 88 is thinking
332 120 is thinking
332 116 is thinking
332 114 is thinking
332 122 is thinking
332 98 is thinking
332 94 is thinking
332 86 is thinking
332 108 is thinking
332 102 is thinking
333 164 is thinking
333 176 is thinking
333 128 is thinking
333 140 is thinking
333 134 is thinking
333 152 is thinking
333 166 is thinking
333 138 is thinking
333 136 is thinking
333 126 is thinking
333 154 is thinking
333 170 is thinking
333 156 is thinking
333 168 is thinking
333 160 is thinking
333 132 is thinking
333 148 is thinking
333 150 is thinking
333 172 is thinking
333 144 is thinking
333 174 is thinking
333 130 is thinking
333 146 is thinking
333 162 is thinking
333 142 is thinking
333 158 is thinking
334 182 is thinking
334 192 is thinking
334 184 is thinking
334 188 is thinking
334 194 is thinking
334 190 is thinking
334 186 is thinking
334 180 is thinking
334 178 is thinking
360 9 is sleeping
360 1 is sleeping
360 17 is sleeping
360 199 has taken a fork
360 199 has taken a fork
360 199 is eating
360 3 is sleeping
360 5 is sleeping
360 2 has taken a fork
360 2 has taken a fork
360 2 is eating
360 4 has taken a fork
360 4 has taken a fork
360 4 is eating
360 196 is thinking
360 16 has taken a fork
360 7 is sleeping
360 6 has taken a fork
360 6 has taken a fork
360 6 is eating
360 8 has taken a fork
360 8 has taken a fork
360 8 is eating
360 15 is sleeping
360 13 is sleeping
360 12 has taken a fork
360 14 has taken a fork
360 14 has taken a fork
360 14 is eating
360 11 is sleeping
360 10 has taken a fork
360 10 has taken a fork
360 10 is eating
360 12 has taken a fork
360 12 is eating
360 16 has taken a fork
360 16 is eating
361 35 is sleeping
361 37 is sleeping
361 27 is sleeping
361 21 is sleeping
361 61 is sleeping
361 53 is sleeping
361 19 is sleeping
361 25 is sleeping
361 31 is sleeping
361 29 is sleeping
361 59 is sleeping
361 57 is sleeping
361 56 has taken a fork
361 58 has taken a fork
361 58 has taken a fork
361 58 is eating
361 46 has taken a fork
361 47 is sleeping
361 30 has taken a fork
361 30 has taken a fork
361 30 is eating
361 26 has taken a fork
361 26 has taken a fork
361 26 is eating
361 52 has taken a fork
361 65 is sleeping
361 36 has taken a fork
361 36 has taken a fork
361 36 is eating
361 18 has taken a fork
361 18 has taken a fork
361 18 is eating
361 64 has taken a fork
361 20 has taken a fork
361 20 has taken a fork
361 20 is eating
361 60 has taken a fork
361 60 has taken a fork
361 60 is eating
361 24 has taken a fork
361 39 is sleeping
361 44 has taken a fork
361 67 is sleeping
361 69 is sleeping
361 34 has taken a fork
361 46 has taken a fork
361 38 has taken a fork
361 38 has taken a fork
361 38 is eating
361 28 has taken a fork
361 46 is eating
361 51 is sleeping
361 28 has taken a fork
361 64 has taken a fork
361 28 is eating
361 64 is eating
361 42 has taken a fork
361 42 has taken a fork
361 68 has taken a fork
361 49 is sleeping
361 42 is eating
361 40 has taken a fork
361 40 has taken a fork
361 68 has taken a fork
361 40 is eating
361 68 is eating
361 62 has taken a fork
361 52 has taken a fork
361 41 is sleeping
361 66 has taken a fork
361 52 is eating
361 62 has taken a fork
361 23 is sleeping
361 62 is eating
361 45 is sleeping
361 22 has taken a fork
361 33 is sleeping
361 48 has taken a fork
361 22 has taken a fork
361 48 has taken a fork
361 32 has taken a fork
361 48 is eating
361 34 has taken a fork
361 22 is eating
361 66 has taken a fork
361 24 has taken a fork
361 34 is eating
361 66 is eating
361 63 is sleeping
361 24 is eating
361 32 has taken a fork
361 54 has taken a fork
361 54 has taken a fork
361 32 is eating
361 54 is eating
361 55 is sleeping
361 43 is sleeping
361 56 has taken a fork
361 56 is eating
361 44 has taken a fork
361 44 is eating
361 50 has taken a fork
361 50 has taken a fork
361 50 is eating
362 101 is sleeping
362 113 is sleeping
362 112 has taken a fork
362 100 has taken a fork
362 79 is sleeping
362 77 is sleeping
362 86 has taken a fork
362 87 is sleeping
362 119 is sleeping
362 125 is sleeping
362 107 is sleeping
362 75 is sleeping
362 74 has taken a fork
362 118 has taken a fork
362 123 is sleeping
362 121 is sleeping
362 81 is sleeping
362 117 is sleeping
362 89 is sleeping
362 76 has taken a fork
362 76 has taken a fork
362 76 is eating
362 122 has taken a fork
362 122 has taken a fork
362 122 is eating
362 115 is sleeping
362 91 is sleeping
362 80 has taken a fork
362 80 has taken a fork
362 80 is eating
362 88 has taken a fork
362 88 has taken a fork
362 88 is eating
362 95 is sleeping
362 114 has taken a fork
362 114 has taken a fork
362 114 is eating
362 109 is sleeping
362 118 has taken a fork
362 118 is eating
362 103 is sleeping
362 90 has taken a fork
362 90 has taken a fork
362 90 is eating
362 124 has taken a fork
362 124 has taken a fork
362 124 is eating
362 71 is sleeping
362 70 has taken a fork
362 70 has taken a fork
362 70 is eating
362 93 is sleeping
362 92 has taken a fork
362 92 has taken a fork
362 92 is eating
362 102 has taken a fork
362 102 has taken a fork
362 102 is eating
362 97 is sleeping
362 78 has taken a fork
362 78 has taken a fork
362 78 is eating
362 105 is sleeping
362 108 has taken a fork
362 108 has taken a fork
362 73 is sleeping
362 116 has taken a fork
362 108 is eating
362 116 has taken a fork
362 96 has taken a fork
362 116 is eating
362 104 has taken a fork
362 104 has taken a fork
362 72 has taken a fork
362 72 has taken a fork
362 72 is eating
362 111 is sleeping
362 104 is eating
362 85 is sleeping
362 86 has taken a fork
362 74 has taken a fork
362 86 is eating
362 74 is eating
362 96 has taken a fork
362 83 is sleeping
362 120 has taken a fork
362 96 is eating
362 120 has taken a fork
362 82 has taken a fork
362 82 has taken a fork
362 82 is eating
362 112 has taken a fork
362 112 is eating
362 110 has taken a fork
362 110 has taken a fork
362 110 is eating
362 120 is eating
362 84 has taken a fork
362 84 has taken a fork
362 84 is eating
362 94 has taken a fork
362 94 has taken a fork
362 94 is eating
362 106 has taken a fork
362 106 has taken a fork
362 106 is eating
362 99 is sleeping
362 98 has taken a fork
362 98 has taken a fork
362 98 is eating
362 100 has taken a fork
362 100 is eating
363 165 is sleeping
363 133 is sleeping
363 153 is sleeping
363 135 is sleeping
363 134 has taken a fork
363 134 has taken a fork
363 134 is eating
363 139 is sleeping
363 157 is sleeping
363 127 is sleeping
363 156 has taken a fork
363 141 is sleeping
363 152 has taken a fork
363 137 is sleeping
363 145 is sleeping
363 175 is sleeping
363 177 is sleeping
363 164 has taken a fork
363 174 has taken a fork
363 140 has taken a fork
363 140 has taken a fork
363 140 is eating
363 171 is sleeping
363 176 has taken a fork
363 176 has taken a fork
363 176 is eating
363 149 is sleeping
363 151 is sleeping
363 150 has taken a fork
363 150 has taken a fork
363 150 is eating
363 152 has taken a fork
363 152 is eating
363 138 has taken a fork
363 126 has taken a fork
363 167 is sleeping
363 170 has taken a fork
363 144 has taken a fork
363 148 has taken a fork
363 132 has taken a fork
363 130 has taken a fork
363 131 is sleeping
363 143 is sleeping
363 132 has taken a fork
363 132 is eating
363 169 is sleeping
363 168 has taken a fork
363 168 has taken a fork
363 168 is eating
363 170 has taken a fork
363 170 is eating
363 155 is sleeping
363 172 has taken a fork
363 172 has taken a fork
363 172 is eating
363 136 has taken a fork
363 129 is sleeping
363 126 has taken a fork
363 166 has taken a fork
363 166 has taken a fork
363 166 is eating
363 126 is eating
363 144 has taken a fork
363 144 is eating
363 159 is sleeping
363 174 has taken a fork
363 174 is eating
363 138 has taken a fork
363 138 is eating
363 154 has taken a fork
363 154 has taken a fork
363 154 is eating
363 128 has taken a fork
363 142 has taken a fork
363 128 has taken a fork
363 142 has taken a fork
363 163 is sleeping
363 128 is eating
363 161 is sleeping
363 158 has taken a fork
363 158 has taken a fork
363 147 is sleeping
363 158 is eating
363 146 has taken a fork
363 146 has taken a fork
363 146 is eating
363 162 has taken a fork
363 162 has taken a fork
363 162 is eating
363 173 is sleeping
363 148 has taken a fork
363 148 is eating
363 160 has taken a fork
363 160 has taken a fork
363 160 is eating
363 130 has taken a fork
363 130 is eating
363 156 has taken a fork
363 156 is eating
363 142 is eating
363 164 has taken a fork
363 164 is eating
363 136 has taken a fork
363 136 is eating
364 179 is sleeping
364 189 is sleeping
364 193 is sleeping
364 188 has taken a fork
364 195 is sleeping
364 185 is sleeping
364 184 has taken a fork
364 194 has taken a fork
364 194 has taken a fork
364 194 is eating
364 178 has taken a fork
364 178 has taken a fork
364 178 is eating
364 191 is sleeping
364 190 has taken a fork
364 190 has taken a fork
364 190 is eating
364 181 is sleeping
364 183 is sleeping
364 182 has taken a fork
364 182 has taken a fork
364 182 is eating
364 180 has taken a fork
364 180 has taken a fork
364 180 is eating
364 184 has taken a fork
364 184 is eating
364 192 has taken a fork
364 192 has taken a fork
364 192 is eating
364 187 is sleeping
364 186 has taken a fork
364 186 has taken a fork
364 188 has taken a fork
364 188 is eating
364 186 is eating
390 198 is thinking
390 197 is sleeping
390 196 has taken a fork
390 196 has taken a fork
390 196 is eating
420 12 is sleeping
420 199 is sleeping
420 4 is sleeping
420 10 is sleeping
420 2 is sleeping
420 17 is thinking
420 3 is thinking
420 14 is sleeping
420 15 is thinking
420 16 is sleeping
420 8 is sleeping
420 13 is thinking
420 5 is thinking
420 1 is thinking
420 7 is thinking
420 11 is thinking
420 198 has taken a fork
420 198 has taken a fork
420 198 is eating
420 9 is thinking
420 6 is sleeping
421 53 is thinking
421 36 is sleeping
421 46 is sleeping
421 23 is thinking
421 55 is thinking
421 66 is sleeping
421 49 is thinking
421 44 is sleeping
421 38 is sleeping
421 52 is sleeping
421 60 is sleeping
421 68 is sleeping
421 28 is sleeping
421 42 is sleeping
421 65 is thinking
421 48 is sleeping
421 40 is sleeping
421 56 is sleeping
421 45 is thinking
421 39 is thinking
421 59 is thinking
421 50 is sleeping
421 67 is thinking
421 22 is sleeping
421 20 is sleeping
421 47 is thinking
421 30 is sleeping
421 32 is sleeping
421 27 is thinking
421 26 is sleeping
421 69 is thinking
421 58 is sleeping
421 35 is thinking
421 24 is sleeping
421 43 is thinking
421 51 is thinking
421 57 is thinking
421 31 is thinking
421 63 is thinking
421 54 is sleeping
421 37 is thinking
421 19 is thinking
421 64 is sleeping
421 61 is thinking
421 41 is thinking
421 29 is thinking
421 25 is thinking
421 62 is sleeping
421 34 is sleeping
421 21 is thinking
421 33 is thinking
421 18 is sleeping
422 119 is thinking
422 71 is thinking
422 99 is thinking
422 118 is sleeping
422 120 is sleeping
422 79 is thinking
422 82 is sleeping
422 114 is sleeping
422 106 is sleeping
422 73 is thinking
422 90 is sleeping
422 92 is sleeping
422 74 is sleeping
422 98 is sleeping
422 93 is thinking
422 116 is sleeping
422 103 is thinking
422 81 is thinking
422 124 is sleeping
422 97 is thinking
422 88 is sleeping
422 109 is thinking
422 115 is thinking
422 110 is sleeping
422 78 is sleeping
422 117 is thinking
422 76 is sleeping
422 85 is thinking
422 95 is thinking
422 84 is sleeping
422 83 is thinking
422 105 is thinking
422 70 is sleeping
422 102 is sleeping
422 123 is thinking
422 104 is sleeping
422 86 is sleeping
422 72 is sleeping
422 75 is thinking
422 89 is thinking
422 121 is thinking
422 125 is thinking
422 96 is sleeping
422 122 is sleeping
422 101 is thinking
422 87 is thinking
422 94 is sleeping
422 91 is thinking
422 100 is sleeping
422 112 is sleeping
422 77 is thinking
422 107 is thinking
422 113 is thinking
422 111 is thinking
422 108 is sleeping
422 80 is sleeping
423 144 is sleeping
423 172 is sleeping
423 143 is thinking
423 164 is sleeping
423 151 is thinking
423 133 is thinking
423 132 is sleeping
423 169 is thinking
423 129 is thinking
423 156 is sleeping
423 145 is thinking
423 141 is thinking
423 153 is thinking
423 175 is thinking
423 139 is thinking
423 134 is sleeping
423 174 is sleeping
423 158 is sleeping
423 157 is thinking
423 170 is sleeping
423 148 is sleeping
423 167 is thinking
423 155 is thinking
423 161 is thinking
423 165 is thinking
423 163 is thinking
423 171 is thinking
423 138 is sleeping
423 152 is sleeping
423 130 is sleeping
423 135 is thinking
423 160 is sleeping
423 146 is sleeping
423 173 is thinking
423 140 is sleeping
423 131 is thinking
423 168 is sleeping
423 159 is thinking
423 166 is sleeping
423 127 is thinking
423 177 is thinking
423 142 is sleeping
423 154 is sleeping
423 150 is sleeping
423 176 is sleeping
423 136 is sleeping
423 126 is sleeping
423 149 is thinking
423 162 is sleeping
423 128 is sleeping
423 137 is thinking
423 147 is thinking
424 190 is sleeping
424 188 is sleeping
424 185 is thinking
424 193 is thinking
424 186 is sleeping
424 182 is sleeping
424 180 is sleeping
424 189 is thinking
424 184 is sleeping
424 187 is thinking
424 192 is sleeping
424 183 is thinking
424 194 is sleeping
424 178 is sleeping
424 179 is thinking
424 191 is thinking
424 181 is thinking
424 195 is thinking
450 7 has taken a fork
450 7 has taken a fork
450 7 is eating
450 9 has taken a fork
450 9 has taken a fork
450 9 is eating
450 5 has taken a fork
450 5 has taken a fork
450 5 is eating
450 196 is sleeping
450 17 has taken a fork
450 11 has taken a fork
450 1 has taken a fork
450 1 has taken a fork
450 1 is eating
450 13 has taken a fork
450 13 has taken a fork
450 13 is eating
450 17 has taken a fork
450 17 is eating
450 197 is thinking
450 15 has taken a fork
450 15 has taken a fork
450 15 is eating
450 11 has taken a fork
450 11 is eating
450 3 has taken a fork
450 3 has taken a fork
450 3 is eating
451 67 has taken a fork
451 53 has taken a fork
451 67 has taken a fork
451 67 is eating
451 53 has taken a fork
451 53 is eating
451 29 has taken a fork
451 49 has taken a fork
451 49 has taken a fork
451 49 is eating
451 29 has taken a fork
451 29 is eating
451 39 has taken a fork
451 39 has taken a fork
451 39 is eating
451 65 has taken a fork
451 65 has taken a fork
451 65 is eating
451 31 has taken a fork
451 31 has taken a fork
451 31 is eating
451 25 has taken a fork
451 25 has taken a fork
451 25 is eating
451 43 has taken a fork
451 43 has taken a fork
451 43 is eating
451 45 has taken a fork
451 45 has taken a fork
451 45 is eating
451 23 has taken a fork
451 23 has taken a fork
451 23 is eating
451 47 has taken a fork
451 47 has taken a fork
451 47 is eating
451 21 has taken a fork
451 21 has taken a fork
451 21 is eating
451 59 has taken a fork
451 59 has taken a fork
451 59 is eating
451 69 has taken a fork
451 69 has taken a fork
451 69 is eating
451 63 has taken a fork
451 63 has taken a fork
451 63 is eating
451 61 has taken a fork
451 33 has taken a fork
451 33 has taken a fork
451 33 is eating
451 57 has taken a fork
451 57 has taken a fork
451 57 is eating
451 51 has taken a fork
451 51 has taken a fork
451 51 is eating
451 19 has taken a fork
451 19 has taken a fork
451 19 is eating
451 41 has taken a fork
451 41 has taken a fork
451 41 is eating
451 61 has taken a fork
451 61 is eating
451 55 has taken a fork
451 55 has taken a fork
451 55 is eating
451 27 has taken a fork
451 27 has taken a fork
451 27 is eating
451 35 has taken a fork
451 35 has taken a fork
451 35 is eating
451 37 has taken a fork
451 37 has taken a fork
451 37 is eating
452 115 has taken a fork
452 83 has taken a fork
452 83 has taken a fork
452 83 is eating
452 99 has taken a fork
452 99 has taken a fork
452 99 is eating
452 115 has taken a fork
452 115 is eating
452 81 has taken a fork
452 81 has taken a fork
452 81 is eating
452 117 has taken a fork
452 117 has taken a fork
452 117 is eating
452 109 has taken a fork
452 109 has taken a fork
452 109 is eating
452 91 has taken a fork
452 91 has taken a fork
452 91 is eating
452 73 has taken a fork
452 73 has taken a fork
452 73 is eating
452 97 has taken a fork
452 97 has taken a fork
452 97 is eating
452 111 has taken a fork
452 111 has taken a fork
452 111 is eating
452 89 has taken a fork
452 89 has taken a fork
452 89 is eating
452 93 has taken a fork
452 93 has taken a fork
452 93 is eating
452 119 has taken a fork
452 119 has taken a fork
452 119 is eating
452 75 has taken a fork
452 75 has taken a fork
452 75 is eating
452 125 has taken a fork
452 125 has taken a fork
452 125 is eating
452 103 has taken a fork
452 71 has taken a fork
452 103 has taken a fork
452 107 has taken a fork
452 71 has taken a fork
452 107 has taken a fork
452 107 is eating
452 71 is eating
452 103 is eating
452 77 has taken a fork
452 77 has taken a fork
452 77 is eating
452 79 has taken a fork
452 79 has taken a fork
452 79 is eating
452 105 has taken a fork
452 105 has taken a fork
452 105 is eating
452 113 has taken a fork
452 113 has taken a fork
452 113 is eating
452 123 has taken a fork
452 123 has taken a fork
452 123 is eating
452 101 has taken a fork
452 101 has taken a fork
452 101 is eating
452 85 has taken a fork
452 85 has taken a fork
452 85 is eating
452 121 has taken a fork
452 121 has taken a fork
452 121 is eating
452 95 has taken a fork
452 95 has taken a fork
452 95 is eating
452 87 has taken a fork
452 87 has taken a fork
452 87 is eating
453 165 has taken a fork
453 165 has taken a fork
453 165 is eating
453 129 has taken a fork
453 129 has taken a fork
453 129 is eating
453 143 has taken a fork
453 143 has taken a fork
453 143 is eating
453 159 has taken a fork
453 159 has taken a fork
453 159 is eating
453 175 has taken a fork
453 175 has taken a fork
453 175 is eating
453 153 has taken a fork
453 157 has taken a fork
453 153 has taken a fork
453 153 is eating
453 157 has taken a fork
453 157 is eating
453 133 has taken a fork
453 139 has taken a fork
453 133 has taken a fork
453 133 is eating
453 139 has taken a fork
453 139 is eating
453 155 has taken a fork
453 173 has taken a fork
453 151 has taken a fork
453 173 has taken a fork
453 173 is eating
453 151 has taken a fork
453 151 is eating
453 155 has taken a fork
453 171 has taken a fork
453 171 has taken a fork
453 155 is eating
453 167 has taken a fork
453 167 has taken a fork
453 167 is eating
453 141 has taken a fork
453 141 has taken a fork
453 141 is eating
453 171 is eating
453 131 has taken a fork
453 131 has taken a fork
453 131 is eating
453 169 has taken a fork
453 169 has taken a fork
453 169 is eating
453 177 has taken a fork
453 177 has taken a fork
453 177 is eating
453 163 has taken a fork
453 163 has taken a fork
453 163 is eating
453 135 has taken a fork
453 135 has taken a fork
453 135 is eating
453 149 has taken a fork
453 145 has taken a fork
453 137 has taken a fork
453 137 has taken a fork
453 145 has taken a fork
453 145 is eating
453 137 is eating
453 161 has taken a fork
453 161 has taken a fork
453 161 is eating
453 149 has taken a fork
453 149 is eating
453 127 has taken a fork
453 127 has taken a fork
453 127 is eating
453 147 has taken a fork
453 147 has taken a fork
453 147 is eating
454 185 has taken a fork
454 185 has taken a fork
454 185 is eating
454 195 has taken a fork
454 195 has taken a fork
454 195 is eating
454 193 has taken a fork
454 193 has taken a fork
454 193 is eating
454 179 has taken a fork
454 179 has taken a fork
454 179 is eating
454 187 has taken a fork
454 187 has taken a fork
454 187 is eating
454 189 has taken a fork
454 189 has taken a fork
454 189 is eating
454 181 has taken a fork
454 181 has taken a fork
454 181 is eating
454 191 has taken a fork
454 191 has taken a fork
454 191 is eating
454 183 has taken a fork
454 183 has taken a fork
454 183 is eating
480 4 is thinking
480 199 is thinking
480 8 is thinking
480 10 is thinking
480 12 is thinking
480 197 has taken a fork
480 198 is sleeping
480 16 is thinking
480 2 is thinking
480 6 is thinking
480 197 has taken a fork
480 14 is thinking
480 197 is eating
481 64 is thinking
481 52 is thinking
481 54 is thinking
481 66 is thinking
481 32 is thinking
481 28 is thinking
481 50 is thinking
481 42 is thinking
481 40 is thinking
481 46 is thinking
481 34 is thinking
481 30 is thinking
481 22 is thinking
481 68 is thinking
481 48 is thinking
481 60 is thinking
481 26 is thinking
481 20 is thinking
481 62 is thinking
481 44 is thinking
481 38 is thinking
481 58 is thinking
481 56 is thinking
481 36 is thinking
481 18 is thinking
481 24 is thinking
482 118 is thinking
482 86 is thinking
482 114 is thinking
482 108 is thinking
482 104 is thinking
482 120 is thinking
482 74 is thinking
482 102 is thinking
482 124 is thinking
482 88 is thinking
482 80 is thinking
482 84 is thinking
482 122 is thinking
482 106 is thinking
482 94 is thinking
482 90 is thinking
482 70 is thinking
482 112 is thinking
482 100 is thinking
482 116 is thinking
482 98 is thinking
482 92 is thinking
482 110 is thinking
482 82 is thinking
482 72 is thinking
482 96 is thinking
482 76 is thinking
482 78 is thinking
483 166 is thinking
483 174 is thinking
483 130 is thinking
483 176 is thinking
483 160 is thinking
483 148 is thinking
483 172 is thinking
483 138 is thinking
483 134 is thinking
483 152 is thinking
483 156 is thinking
483 126 is thinking
483 154 is thinking
483 142 is thinking
483 168 is thinking
483 164 is thinking
483 162 is thinking
483 144 is thinking
483 132 is thinking
483 170 is thinking
483 158 is thinking
483 146 is thinking
483 128 is thinking
483 140 is thinking
483 150 is thinking
483 136 is thinking
484 192 is thinking
484 186 is thinking
484 180 is thinking
484 184 is thinking
484 194 is thinking
484 178 is thinking
484 182 is thinking
484 190 is thinking
484 188 is thinking
510 15 is sleeping
510 11 is sleeping
510 7 is sleeping
510 14 has taken a fork
510 6 has taken a fork
510 9 is sleeping
510 8 has taken a fork
510 8 has taken a fork
510 8 is eating
510 17 is sleeping
510 2 has taken a fork
510 1 is sleeping
510 2 has taken a fork
510 2 is eating
510 10 has taken a fork
510 10 has taken a fork
510 10 is eating
510 6 has taken a fork
510 6 is eating
510 3 is sleeping
510 5 is sleeping
510 4 has taken a fork
510 4 has taken a fork
510 4 is eating
510 16 has taken a fork
510 16 has taken a fork
510 16 is eating
510 196 is thinking
510 13 is sleeping
510 12 has taken a fork
510 12 has taken a fork
510 12 is eating
510 14 has taken a fork
510 14 is eating
510 199 has taken a fork
510 199 has taken a fork
510 199 is eating
511 29 is sleeping
511 21 is sleeping
511 55 is sleeping
511 31 is sleeping
511 37 is sleeping
511 35 is sleeping
511 45 is sleeping
511 61 is sleeping
511 69 is sleeping
511 44 has taken a fork
511 20 has taken a fork
511 30 has taken a fork
511 30 has taken a fork
511 68 has taken a fork
511 30 is eating
511 65 is sleeping
511 34 has taken a fork
511 64 has taken a fork
511 57 is sleeping
511 23 is sleeping
511 59 is sleeping
511 47 is sleeping
511 27 is sleeping
511 49 is sleeping
511 48 has taken a fork
511 48 has taken a fork
511 48 is eating
511 39 is sleeping
511 28 has taken a fork
511 28 has taken a fork
511 28 is eating
511 43 is sleeping
511 60 has taken a fork
511 60 has taken a fork
511 60 is eating
511 67 is sleeping
511 44 has taken a fork
511 44 is eating
511 66 has taken a fork
511 66 has taken a fork
511 66 is eating
511 68 has taken a fork
511 50 has taken a fork
511 50 has taken a fork
511 56 has taken a fork
511 41 is sleeping
511 50 is eating
511 56 has taken a fork
511 56 is eating
511 40 has taken a fork
511 40 has taken a fork
511 40 is eating
511 63 is sleeping
511 33 is sleeping
511 26 has taken a fork
511 19 is sleeping
511 20 has taken a fork
511 42 has taken a fork
511 18 has taken a fork
511 18 has taken a fork
511 18 is eating
511 20 is eating
511 36 has taken a fork
511 38 has taken a fork
511 36 has taken a fork
511 62 has taken a fork
511 38 has taken a fork
511 36 is eating
511 32 has taken a fork
511 62 has taken a fork
511 62 is eating
511 34 has taken a fork
511 32 has taken a fork
511 32 is eating
511 25 is sleeping
511 64 has taken a fork
511 34 is eating
511 64 is eating
511 54 has taken a fork
511 46 has taken a fork
511 22 has taken a fork
511 54 has taken a fork
511 22 has taken a fork
511 53 is sleeping
511 46 has taken a fork
511 42 has taken a fork
511 42 is eating
511 22 is eating
511 68 is eating
511 54 is eating
511 58 has taken a fork
511 26 has taken a fork
511 58 has taken a fork
511 24 has taken a fork
511 26 is eating
511 24 has taken a fork
511 24 is eating
511 46 is eating
511 51 is sleeping
511 58 is eating
511 38 is eating
511 52 has taken a fork
511 52 has taken a fork
511 52 is eating
512 91 is sleeping
512 109 is sleeping
512 85 is sleeping
512 81 is sleeping
512 83 is sleeping
512 97 is sleeping
512 75 is sleeping
512 99 is sleeping
512 121 is sleeping
512 115 is sleeping
512 98 has taken a fork
512 98 has taken a fork
512 120 has taken a fork
512 98 is eating
512 71 is sleeping
512 105 is sleeping
512 80 has taken a fork
512 73 is sleeping
512 111 is sleeping
512 70 has taken a fork
512 70 has taken a fork
512 70 is eating
512 77 is sleeping
512 114 has taken a fork
512 74 has taken a fork
512 74 has taken a fork
512 74 is eating
512 93 is sleeping
512 90 has taken a fork
512 106 has taken a fork
512 84 has taken a fork
512 92 has taken a fork
512 106 has taken a fork
512 92 has taken a fork
512 92 is eating
512 84 has taken a fork
512 106 is eating
512 84 is eating
512 87 is sleeping
512 107 is sleeping
512 96 has taken a fork
512 96 has taken a fork
512 95 is sleeping
512 125 is sleeping
512 96 is eating
512 89 is sleeping
512 90 has taken a fork
512 90 is eating
512 80 has taken a fork
512 80 is eating
512 79 is sleeping
512 78 has taken a fork
512 78 has taken a fork
512 78 is eating
512 88 has taken a fork
512 88 has taken a fork
512 88 is eating
512 82 has taken a fork
512 94 has taken a fork
512 94 has taken a fork
512 94 is eating
512 104 has taken a fork
512 110 has taken a fork
512 110 has taken a fork
512 110 is eating
512 104 has taken a fork
512 104 is eating
512 116 has taken a fork
512 116 has taken a fork
512 116 is eating
512 72 has taken a fork
512 72 has taken a fork
512 119 is sleeping
512 72 is eating
512 120 has taken a fork
512 120 is eating
512 113 is sleeping
512 112 has taken a fork
512 114 has taken a fork
512 86 has taken a fork
512 114 is eating
512 101 is sleeping
512 86 has taken a fork
512 86 is eating
512 76 has taken a fork
512 123 is sleeping
512 76 has taken a fork
512 112 has taken a fork
512 112 is eating
512 100 has taken a fork
512 100 has taken a fork
512 124 has taken a fork
512 100 is eating
512 124 has taken a fork
512 124 is eating
512 82 has taken a fork
512 118 has taken a fork
512 117 is sleeping
512 82 is eating
512 122 has taken a fork
512 122 has taken a fork
512 122 is eating
512 118 has taken a fork
512 118 is eating
512 102 has taken a fork
512 102 has taken a fork
512 102 is eating
512 108 has taken a fork
512 108 has taken a fork
512 108 is eating
512 76 is eating
512 103 is sleeping
513 157 is sleeping
513 145 is sleeping
513 159 is sleeping
513 173 is sleeping
513 144 has taken a fork
513 172 has taken a fork
513 155 is sleeping
513 149 is sleeping
513 148 has taken a fork
513 136 has taken a fork
513 133 is sleeping
513 156 has taken a fork
513 156 has taken a fork
513 156 is eating
513 132 has taken a fork
513 147 is sleeping
513 139 is sleeping
513 131 is sleeping
513 148 has taken a fork
513 148 is eating
513 135 is sleeping
513 136 has taken a fork
513 130 has taken a fork
513 137 is sleeping
513 153 is sleeping
513 136 is eating
513 169 is sleeping
513 154 has taken a fork
513 154 has taken a fork
513 154 is eating
513 168 has taken a fork
513 143 is sleeping
513 132 has taken a fork
513 132 is eating
513 129 is sleeping
513 130 has taken a fork
513 130 is eating
513 128 has taken a fork
513 144 has taken a fork
513 144 is eating
513 161 is sleeping
513 175 is sleeping
513 141 is sleeping
513 134 has taken a fork
513 134 has taken a fork
513 134 is eating
513 140 has taken a fork
513 140 has taken a fork
513 140 is eating
513 142 has taken a fork
513 142 has taken a fork
513 142 is eating
513 151 is sleeping
513 138 has taken a fork
513 138 has taken a fork
513 138 is eating
513 152 has taken a fork
513 152 has taken a fork
513 152 is eating
513 150 has taken a fork
513 150 has taken a fork
513 150 is eating
513 174 has taken a fork
513 174 has taken a fork
513 174 is eating
513 164 has taken a fork
513 146 has taken a fork
513 163 is sleeping
513 167 is sleeping
513 177 is sleeping
513 165 is sleeping
513 166 has taken a fork
513 166 has taken a fork
513 166 is eating
513 146 has taken a fork
513 146 is eating
513 168 has taken a fork
513 168 is eating
513 162 has taken a fork
513 126 has taken a fork
513 160 has taken a fork
513 126 has taken a fork
513 126 is eating
513 160 has taken a fork
513 176 has taken a fork
513 160 is eating
513 176 has taken a fork
513 176 is eating
513 162 has taken a fork
513 162 is eating
513 164 has taken a fork
513 164 is eating
513 127 is sleeping
513 171 is sleeping
513 128 has taken a fork
513 128 is eating
513 170 has taken a fork
513 170 has taken a fork
513 170 is eating
513 158 has taken a fork
513 158 has taken a fork
513 158 is eating
513 172 has taken a fork
513 172 is eating
514 193 is sleeping
514 191 is sleeping
514 195 is sleeping
514 190 has taken a fork
514 190 has taken a fork
514 190 is eating
514 192 has taken a fork
514 192 has taken a fork
514 192 is eating
514 183 is sleeping
514 185 is sleeping
514 189 is sleeping
514 181 is sleeping
514 182 has taken a fork
514 182 has taken a fork
514 182 is eating
514 184 has taken a fork
514 184 has taken a fork
514 184 is eating
514 179 is sleeping
514 178 has taken a fork
514 178 has taken a fork
514 178 is eating
514 188 has taken a fork
514 187 is sleeping
514 188 has taken a fork
514 188 is eating
514 194 has taken a fork
514 194 has taken a fork
514 194 is eating
514 186 has taken a fork
514 186 has taken a fork
514 186 is eating
514 180 has taken a fork
514 180 has taken a fork
514 180 is eating
540 198 is thinking
540 197 is sleeping
540 196 has taken a fork
540 196 has taken a fork
540 196 is eating
570 3 is thinking
570 11 is thinking
570 10 is sleeping
570 12 is sleeping
570 17 is thinking
570 16 is sleeping
570 1 is thinking
570 14 is sleeping
570 199 is sleeping
570 198 has taken a fork
570 198 has taken a fork
570 198 is eating
570 13 is thinking
570 15 is thinking
570 7 is thinking
570 9 is thinking
570 8 is sleeping
570 6 is sleeping
570 2 is sleeping
570 4 is sleeping
570 5 is thinking
571 56 is sleeping
571 45 is thinking
571 20 is sleeping
571 24 is sleeping
571 48 is sleeping
571 59 is thinking
571 21 is thinking
571 55 is thinking
571 63 is thinking
571 37 is thinking
571 26 is sleeping
571 40 is sleeping
571 46 is sleeping
571 65 is thinking
571 51 is thinking
571 58 is sleeping
571 49 is thinking
571 64 is sleeping
571 38 is sleeping
571 28 is sleeping
571 50 is sleeping
571 41 is thinking
571 36 is sleeping
571 18 is sleeping
571 19 is thinking
571 61 is thinking
571 33 is thinking
571 62 is sleeping
571 67 is thinking
571 34 is sleeping
571 39 is thinking
571 54 is sleeping
571 35 is thinking
571 27 is thinking
571 25 is thinking
571 30 is sleeping
571 47 is thinking
571 43 is thinking
571 52 is sleeping
571 44 is sleeping
571 31 is thinking
571 57 is thinking
571 23 is thinking
571 66 is sleeping
571 42 is sleeping
571 53 is thinking
571 68 is sleeping
571 60 is sleeping
571 29 is thinking
571 32 is sleeping
571 22 is sleeping
571 69 is thinking
572 79 is thinking
572 101 is thinking
572 84 is sleeping
572 120 is sleeping
572 114 is sleeping
572 108 is sleeping
572 86 is sleeping
572 119 is thinking
572 95 is thinking
572 82 is sleeping
572 71 is thinking
572 98 is sleeping
572 125 is thinking
572 102 is sleeping
572 116 is sleeping
572 121 is thinking
572 88 is sleeping
572 75 is thinking
572 96 is sleeping
572 70 is sleeping
572 87 is thinking
572 89 is thinking
572 99 is thinking
572 77 is thinking
572 118 is sleeping
572 123 is thinking
572 105 is thinking
572 122 is sleeping
572 76 is sleeping
572 104 is sleeping
572 91 is thinking
572 85 is thinking
572 103 is thinking
572 124 is sleeping
572 74 is sleeping
572 73 is thinking
572 93 is thinking
572 112 is sleeping
572 78 is sleeping
572 111 is thinking
572 109 is thinking
572 110 is sleeping
572 72 is sleeping
572 92 is sleeping
572 107 is thinking
572 113 is thinking
572 100 is sleeping
572 83 is thinking
572 117 is thinking
572 80 is sleeping
572 97 is thinking
572 106 is sleeping
572 81 is thinking
572 94 is sleeping
572 90 is sleeping
572 115 is thinking
573 163 is thinking
573 146 is sleeping
573 169 is thinking
573 150 is sleeping
573 134 is sleeping
573 164 is sleeping
573 148 is sleeping
573 140 is sleeping
573 133 is thinking
573 176 is sleeping
573 177 is thinking
573 131 is thinking
573 157 is thinking
573 166 is sleeping
573 173 is thinking
573 154 is sleeping
573 136 is sleeping
573 129 is thinking
573 149 is thinking
573 132 is sleeping
573 144 is sleeping
573 145 is thinking
573 141 is thinking
573 162 is sleeping
573 172 is sleeping
573 143 is thinking
573 135 is thinking
573 167 is thinking
573 160 is sleeping
573 128 is sleeping
573 155 is thinking
573 127 is thinking
573 158 is sleeping
573 137 is thinking
573 175 is thinking
573 152 is sleeping
573 168 is sleeping
573 142 is sleeping
573 174 is sleeping
573 159 is thinking
573 138 is sleeping
573 161 is thinking
573 156 is sleeping
573 126 is sleeping
573 147 is thinking
573 171 is thinking
573 151 is thinking
573 153 is thinking
573 170 is sleeping
573 130 is sleeping
573 139 is thinking
573 165 is thinking
574 179 is thinking
574 184 is sleeping
574 181 is thinking
574 194 is sleeping
574 189 is thinking
574 193 is thinking
574 186 is sleeping
574 195 is thinking
574 187 is thinking
574 191 is thinking
574 188 is sleeping
574 192 is sleeping
574 178 is sleeping
574 190 is sleeping
574 180 is sleeping
574 183 is thinking
574 182 is sleeping
574 185 is thinking
600 1 has taken a fork
600 1 has taken a fork
600 1 is eating
600 17 has taken a fork
600 17 has taken a fork
600 17 is eating
600 15 has taken a fork
600 15 has taken a fork
600 15 is eating
600 7 has taken a fork
600 7 has taken a fork
600 7 is eating
600 5 has taken a fork
600 5 has taken a fork
600 5 is eating
600 197 is thinking
600 11 has taken a fork
600 11 has taken a fork
600 11 is eating
600 13 has taken a fork
600 13 has taken a fork
600 13 is eating
600 196 is sleeping
600 9 has taken a fork
600 9 has taken a fork
600 9 is eating
600 3 has taken a fork
600 3 has taken a fork
600 3 is eating
601 23 has taken a fork
601 23 has taken a fork
601 23 is eating
601 29 has taken a fork
601 29 has taken a fork
601 29 is eating
601 39 has taken a fork
601 39 has taken a fork
601 39 is eating
601 49 has taken a fork
601 49 has taken a fork
601 49 is eating
601 53 has taken a fork
601 53 has taken a fork
601 53 is eating
601 35 has taken a fork
601 35 has taken a fork
601 35 is eating
601 37 has taken a fork
601 37 has taken a fork
601 37 is eating
601 57 has taken a fork
601 57 has taken a fork
601 57 is eating
601 33 has taken a fork
601 33 has taken a fork
601 33 is eating
601 67 has taken a fork
601 67 has taken a fork
601 67 is eating
601 19 has taken a fork
601 43 has taken a fork
601 43 has taken a fork
601 43 is eating
601 21 has taken a fork
601 21 has taken a fork
601 21 is eating
601 19 has taken a fork
601 19 is eating
601 55 has taken a fork
601 55 has taken a fork
601 55 is eating
601 69 has taken a fork
601 69 has taken a fork
601 69 is eating
601 27 has taken a fork
601 27 has taken a fork
601 27 is eating
601 65 has taken a fork
601 65 has taken a fork
601 65 is eating
601 45 has taken a fork
601 45 has taken a fork
601 45 is eating
601 59 has taken a fork
601 59 has taken a fork
601 59 is eating
601 51 has taken a fork
601 51 has taken a fork
601 51 is eating
601 31 has taken a fork
601 31 has taken a fork
601 31 is eating
601 41 has taken a fork
601 41 has taken a fork
601 41 is eating
601 63 has taken a fork
601 63 has taken a fork
601 63 is eating
601 61 has taken a fork
601 61 has taken a fork
601 61 is eating
601 25 has taken a fork
601 25 has taken a fork
601 25 is eating
601 47 has taken a fork
601 47 has taken a fork
601 47 is eating
602 89 has taken a fork
602 89 has taken a fork
602 89 is eating
602 79 has taken a fork
602 79 has taken a fork
602 79 is eating
602 105 has taken a fork
602 105 has taken a fork
602 105 is eating
602 119 has taken a fork
602 119 has taken a fork
602 119 is eating
602 73 has taken a fork
602 73 has taken a fork
602 73 is eating
602 81 has taken a fork
602 81 has taken a fork
602 81 is eating
602 125 has taken a fork
602 125 has taken a fork
602 125 is eating
602 107 has taken a fork
602 107 has taken a fork
602 107 is eating
602 113 has taken a fork
602 113 has taken a fork
602 113 is eating
602 121 has taken a fork
602 121 has taken a fork
602 121 is eating
602 75 has taken a fork
602 75 has taken a fork
602 75 is eating
602 83 has taken a fork
602 83 has taken a fork
602 83 is eating
602 91 has taken a fork
602 123 has taken a fork
602 91 has taken a fork
602 123 has taken a fork
602 91 is eating
602 123 is eating
602 71 has taken a fork
602 71 has taken a fork
602 71 is eating
602 85 has taken a fork
602 85 has taken a fork
602 85 is eating
602 95 has taken a fork
602 95 has taken a fork
602 95 is eating
602 97 has taken a fork
602 97 has taken a fork
602 97 is eating
602 117 has taken a fork
602 117 has taken a fork
602 87 has taken a fork
602 87 has taken a fork
602 87 is eating
602 117 is eating
602 77 has taken a fork
602 77 has taken a fork
602 77 is eating
602 93 has taken a fork
602 93 has taken a fork
602 93 is eating
602 111 has taken a fork
602 111 has taken a fork
602 111 is eating
602 103 has taken a fork
602 103 has taken a fork
602 103 is eating
602 101 has taken a fork
602 101 has taken a fork
602 101 is eating
602 99 has taken a fork
602 99 has taken a fork
602 115 has taken a fork
602 115 has taken a fork
602 115 is eating
602 99 is eating
602 109 has taken a fork
602 109 has taken a fork
602 109 is eating
603 171 has taken a fork
603 171 has taken a fork
603 171 is eating
603 157 has taken a fork
603 157 has taken a fork
603 157 is eating
603 159 has taken a fork
603 169 has taken a fork
603 135 has taken a fork
603 169 has taken a fork
603 141 has taken a fork
603 141 has taken a fork
603 135 has taken a fork
603 141 is eating
603 169 is eating
603 139 has taken a fork
603 139 has taken a fork
603 139 is eating
603 175 has taken a fork
603 175 has taken a fork
603 175 is eating
603 135 is eating
603 159 has taken a fork
603 159 is eating
603 177 has taken a fork
603 177 has taken a fork
603 177 is eating
603 137 has taken a fork
603 137 has taken a fork
603 137 is eating
603 167 has taken a fork
603 167 has taken a fork
603 173 has taken a fork
603 129 has taken a fork
603 173 has taken a fork
603 147 has taken a fork
603 129 has taken a fork
603 147 has taken a fork
603 129 is eating
603 173 is eating
603 147 is eating
603 133 has taken a fork
603 133 has taken a fork
603 133 is eating
603 145 has taken a fork
603 145 has taken a fork
603 145 is eating
603 143 has taken a fork
603 155 has taken a fork
603 167 is eating
603 155 has taken a fork
603 155 is eating
603 165 has taken a fork
603 165 has taken a fork
603 165 is eating
603 127 has taken a fork
603 127 has taken a fork
603 127 is eating
603 143 has taken a fork
603 143 is eating
603 163 has taken a fork
603 163 has taken a fork
603 163 is eating
603 161 has taken a fork
603 149 has taken a fork
603 131 has taken a fork
603 161 has taken a fork
603 131 has taken a fork
603 131 is eating
603 153 has taken a fork
603 153 has taken a fork
603 153 is eating
603 161 is eating
603 151 has taken a fork
603 151 has taken a fork
603 151 is eating
603 149 has taken a fork
603 149 is eating
604 195 has taken a fork
604 195 has taken a fork
604 195 is eating
604 193 has taken a fork
604 193 has taken a fork
604 193 is eating
604 187 has taken a fork
604 187 has taken a fork
604 187 is eating
604 181 has taken a fork
604 181 has taken a fork
604 181 is eating
604 189 has taken a fork
604 189 has taken a fork
604 189 is eating
604 185 has taken a fork
604 185 has taken a fork
604 185 is eating
604 191 has taken a fork
604 191 has taken a fork
604 191 is eating
604 183 has taken a fork
604 183 has taken a fork
604 183 is eating
604 179 has taken a fork
604 179 has taken a fork
604 179 is eating
630 198 is sleeping
630 14 is thinking
630 16 is thinking
630 197 has taken a fork
630 197 has taken a fork
630 197 is eating
630 12 is thinking
630 8 is thinking
630 4 is thinking
630 199 is thinking
630 2 is thinking
630 6 is thinking
630 10 is thinking
631 60 is thinking
631 22 is thinking
631 28 is thinking
631 34 is thinking
631 68 is thinking
631 62 is thinking
631 66 is thinking
631 18 is thinking
631 38 is thinking
631 26 is thinking
631 42 is thinking
631 20 is thinking
631 58 is thinking
631 56 is thinking
631 46 is thinking
631 44 is thinking
631 64 is thinking
631 40 is thinking
631 24 is thinking
631 36 is thinking
631 48 is thinking
631 54 is thinking
631 32 is thinking
631 30 is thinking
631 52 is thinking
631 50 is thinking
632 124 is thinking
632 86 is thinking
632 120 is thinking
632 114 is thinking
632 88 is thinking
632 100 is thinking
632 102 is thinking
632 72 is thinking
632 82 is thinking
632 116 is thinking
632 96 is thinking
632 70 is thinking
632 98 is thinking
632 90 is thinking
632 104 is thinking
632 108 is thinking
632 84 is thinking
632 78 is thinking
632 76 is thinking
632 118 is thinking
632 94 is thinking
632 110 is thinking
632 74 is thinking
632 106 is thinking
632 122 is thinking
632 80 is thinking
632 92 is thinking
632 112 is thinking
633 140 is thinking
633 132 is thinking
633 160 is thinking
633 152 is thinking
633 134 is thinking
633 158 is thinking
633 176 is thinking
633 138 is thinking
633 174 is thinking
633 148 is thinking
633 150 is thinking
633 172 is thinking
633 146 is thinking
633 166 is thinking
633 144 is thinking
633 156 is thinking
633 154 is thinking
633 136 is thinking
633 164 is thinking
633 170 is thinking
633 162 is thinking
633 142 is thinking
633 128 is thinking
633 130 is thinking
633 168 is thinking
633 126 is thinking
634 178 is thinking
634 194 is thinking
634 192 is thinking
634 180 is thinking
634 190 is thinking
634 182 is thinking
634 184 is thinking
634 186 is thinking
634 188 is thinking
660 15 is sleeping
660 9 is sleeping
660 1 is sleeping
660 17 is sleeping
660 199 has taken a fork
660 199 has taken a fork
660 199 is eating
660 16 has taken a fork
660 16 has taken a fork
660 16 is eating
660 14 has taken a fork
660 7 is sleeping
660 5 is sleeping
660 196 is thinking
660 11 is sleeping
660 4 has taken a fork
660 6 has taken a fork
660 6 has taken a fork
660 6 is eating
660 8 has taken a fork
660 8 has taken a fork
660 8 is eating
660 3 is sleeping
660 10 has taken a fork
660 10 has taken a fork
660 10 is eating
660 13 is sleeping
660 12 has taken a fork
660 12 has taken a fork
660 12 is eating
660 2 has taken a fork
660 2 has taken a fork
660 4 has taken a fork
660 2 is eating
660 4 is eating
660 14 has taken a fork
660 14 is eating
661 25 is sleeping
661 65 is sleeping
661 39 is sleeping
661 19 is sleeping
661 23 is sleeping
661 43 is sleeping
661 69 is sleeping
661 29 is sleeping
661 55 is sleeping
661 44 has taken a fork
661 44 has taken a fork
661 44 is eating
661 38 has taken a fork
661 33 is sleeping
661 22 has taken a fork
661 57 is sleeping
661 24 has taken a fork
661 47 is sleeping
661 24 has taken a fork
661 24 is eating
661 18 has taken a fork
661 18 has taken a fork
661 18 is eating
661 35 is sleeping
661 63 is sleeping
661 31 is sleeping
661 54 has taken a fork
661 60 has taken a fork
661 61 is sleeping
661 32 has taken a fork
661 32 has taken a fork
661 32 is eating
661 27 is sleeping
661 51 is sleeping
661 50 has taken a fork
661 62 has taken a fork
661 62 has taken a fork
661 28 has taken a fork
661 34 has taken a fork
661 62 is eating
661 34 has taken a fork
661 42 has taken a fork
661 49 is sleeping
661 36 has taken a fork
661 36 has taken a fork
661 36 is eating
661 48 has taken a fork
661 48 has taken a fork
661 48 is eating
661 26 has taken a fork
661 26 has taken a fork
661 68 has taken a fork
661 56 has taken a fork
661 26 is eating
661 56 has taken a fork
661 59 is sleeping
661 56 is eating
661 41 is sleeping
661 21 is sleeping
661 46 has taken a fork
661 46 has taken a fork
661 46 is eating
661 64 has taken a fork
661 64 has taken a fork
661 64 is eating
661 40 has taken a fork
661 40 has taken a fork
661 40 is eating
661 28 has taken a fork
661 67 is sleeping
661 37 is sleeping
661 28 is eating
661 45 is sleeping
661 53 is sleeping
661 22 has taken a fork
661 30 has taken a fork
661 22 is eating
661 54 has taken a fork
661 54 is eating
661 42 has taken a fork
661 42 is eating
661 30 has taken a fork
661 50 has taken a fork
661 50 is eating
661 30 is eating
661 52 has taken a fork
661 52 has taken a fork
661 52 is eating
661 60 has taken a fork
661 66 has taken a fork
661 38 has taken a fork
661 38 is eating
661 66 has taken a fork
661 66 is eating
661 20 has taken a fork
661 68 has taken a fork
661 20 has taken a fork
661 60 is eating
661 68 is eating
661 58 has taken a fork
661 58 has taken a fork
661 58 is eating
661 34 is eating
661 20 is eating
662 71 is sleeping
662 119 is sleeping
662 111 is sleeping
662 79 is sleeping
662 113 is sleeping
662 112 has taken a fork
662 112 has taken a fork
662 112 is eating
662 91 is sleeping
662 105 is sleeping
662 87 is sleeping
662 90 has taken a fork
662 123 is sleeping
662 122 has taken a fork
662 103 is sleeping
662 78 has taken a fork
662 118 has taken a fork
662 120 has taken a fork
662 120 has taken a fork
662 120 is eating
662 99 is sleeping
662 86 has taken a fork
662 97 is sleeping
662 117 is sleeping
662 98 has taken a fork
662 98 has taken a fork
662 98 is eating
662 109 is sleeping
662 107 is sleeping
662 106 has taken a fork
662 106 has taken a fork
662 106 is eating
662 89 is sleeping
662 88 has taken a fork
662 88 has taken a fork
662 88 is eating
662 115 is sleeping
662 70 has taken a fork
662 70 has taken a fork
662 70 is eating
662 125 is sleeping
662 122 has taken a fork
662 122 is eating
662 101 is sleeping
662 96 has taken a fork
662 93 is sleeping
662 81 is sleeping
662 95 is sleeping
662 90 has taken a fork
662 90 is eating
662 124 has taken a fork
662 124 has taken a fork
662 124 is eating
662 75 is sleeping
662 114 has taken a fork
662 114 has taken a fork
662 114 is eating
662 100 has taken a fork
662 100 has taken a fork
662 100 is eating
662 121 is sleeping
662 74 has taken a fork
662 116 has taken a fork
662 77 is sleeping
662 116 has taken a fork
662 102 has taken a fork
662 110 has taken a fork
662 110 has taken a fork
662 110 is eating
662 102 has taken a fork
662 78 has taken a fork
662 78 is eating
662 102 is eating
662 104 has taken a fork
662 104 has taken a fork
662 104 is eating
662 116 is eating
662 96 has taken a fork
662 96 is eating
662 92 has taken a fork
662 94 has taken a fork
662 76 has taken a fork
662 94 has taken a fork
662 76 has taken a fork
662 92 has taken a fork
662 76 is eating
662 92 is eating
662 84 has taken a fork
662 73 is sleeping
662 74 has taken a fork
662 74 is eating
662 118 has taken a fork
662 118 is eating
662 85 is sleeping
662 108 has taken a fork
662 108 has taken a fork
662 108 is eating
662 86 has taken a fork
662 86 is eating
662 83 is sleeping
662 80 has taken a fork
662 80 has taken a fork
662 80 is eating
662 82 has taken a fork
662 82 has taken a fork
662 82 is eating
662 84 has taken a fork
662 84 is eating
662 94 is eating
662 72 has taken a fork
662 72 has taken a fork
662 72 is eating
663 167 is sleeping
663 166 has taken a fork
663 135 is sleeping
663 155 is sleeping
663 154 has taken a fork
663 171 is sleeping
663 134 has taken a fork
663 177 is sleeping
663 159 is sleeping
663 149 is sleeping
663 157 is sleeping
663 148 has taken a fork
663 153 is sleeping
663 154 has taken a fork
663 154 is eating
663 175 is sleeping
663 158 has taken a fork
663 150 has taken a fork
663 150 has taken a fork
663 150 is eating
663 158 has taken a fork
663 158 is eating
663 170 has taken a fork
663 165 is sleeping
663 176 has taken a fork
663 176 has taken a fork
663 176 is eating
663 142 has taken a fork
663 161 is sleeping
663 142 has taken a fork
663 142 is eating
663 131 is sleeping
663 146 has taken a fork
663 130 has taken a fork
663 173 is sleeping
663 156 has taken a fork
663 160 has taken a fork
663 160 has taken a fork
663 160 is eating
663 164 has taken a fork
663 156 has taken a fork
663 134 has taken a fork
663 148 has taken a fork
663 134 is eating
663 137 is sleeping
663 166 has taken a fork
663 163 is sleeping
663 166 is eating
663 129 is sleeping
663 172 has taken a fork
663 172 has taken a fork
663 162 has taken a fork
663 162 has taken a fork
663 164 has taken a fork
663 162 is eating
663 127 is sleeping
663 132 has taken a fork
663 138 has taken a fork
663 132 has taken a fork
663 132 is eating
663 138 has taken a fork
663 168 has taken a fork
663 146 has taken a fork
663 140 has taken a fork
663 168 has taken a fork
663 146 is eating
663 140 has taken a fork
663 168 is eating
663 140 is eating
663 139 is sleeping
663 147 is sleeping
663 174 has taken a fork
663 174 has taken a fork
663 138 is eating
663 174 is eating
663 143 is sleeping
663 128 has taken a fork
663 141 is sleeping
663 128 has taken a fork
663 128 is eating
663 152 has taken a fork
663 152 has taken a fork
663 152 is eating
663 170 has taken a fork
663 170 is eating
663 151 is sleeping
663 144 has taken a fork
663 144 has taken a fork
663 144 is eating
663 130 has taken a fork
663 130 is eating
663 164 is eating
663 136 has taken a fork
663 136 has taken a fork
663 126 has taken a fork
663 136 is eating
663 126 has taken a fork
663 126 is eating
663 169 is sleeping
663 145 is sleeping
663 133 is sleeping
663 172 is eating
663 148 is eating
663 156 is eating
664 191 is sleeping
664 183 is sleeping
664 179 is sleeping
664 185 is sleeping
664 193 is sleeping
664 195 is sleeping
664 194 has taken a fork
664 194 has taken a fork
664 194 is eating
664 184 has taken a fork
664 184 has taken a fork
664 184 is eating
664 192 has taken a fork
664 192 has taken a fork
664 192 is eating
664 187 is sleeping
664 186 has taken a fork
664 186 has taken a fork
664 186 is eating
664 181 is sleeping
664 178 has taken a fork
664 178 has taken a fork
664 178 is eating
664 180 has taken a fork
664 180 has taken a fork
664 180 is eating
664 182 has taken a fork
664 182 has taken a fork
664 182 is eating
664 189 is sleeping
664 188 has taken a fork
664 188 has taken a fork
664 188 is eating
664 190 has taken a fork
664 190 has taken a fork
664 190 is eating
690 198 is thinking
690 197 is sleeping
690 196 has taken a fork
690 196 has taken a fork
690 196 is eating
720 199 is sleeping
720 11 is thinking
720 17 is thinking
720 198 has taken a fork
720 198 has taken a fork
720 198 is eating
